[2026-02-20T08:13:41.763+0000] {local_task_job_runner.py:123} INFO - ::group::Pre task execution logs
[2026-02-20T08:13:41.787+0000] {taskinstance.py:2614} INFO - Dependencies all met for dep_context=non-requeueable deps ti=<TaskInstance: db_and_model_update.run_model_update manual__2026-02-20T08:13:38.886104+00:00 [queued]>
[2026-02-20T08:13:41.795+0000] {taskinstance.py:2614} INFO - Dependencies all met for dep_context=requeueable deps ti=<TaskInstance: db_and_model_update.run_model_update manual__2026-02-20T08:13:38.886104+00:00 [queued]>
[2026-02-20T08:13:41.796+0000] {taskinstance.py:2867} INFO - Starting attempt 1 of 1
[2026-02-20T08:13:41.809+0000] {taskinstance.py:2890} INFO - Executing <Task(BashOperator): run_model_update> on 2026-02-20 08:13:38.886104+00:00
[2026-02-20T08:13:41.819+0000] {standard_task_runner.py:72} INFO - Started process 931 to run task
[2026-02-20T08:13:41.823+0000] {standard_task_runner.py:104} INFO - Running: ['***', 'tasks', 'run', 'db_and_model_update', 'run_model_update', 'manual__2026-02-20T08:13:38.886104+00:00', '--job-id', '10', '--raw', '--subdir', 'DAGS_FOLDER/db_and_model_update_dag.py', '--cfg-path', '/tmp/tmpwlbuvgad']
[2026-02-20T08:13:41.825+0000] {standard_task_runner.py:105} INFO - Job 10: Subtask run_model_update
[2026-02-20T08:13:41.900+0000] {task_command.py:467} INFO - Running <TaskInstance: db_and_model_update.run_model_update manual__2026-02-20T08:13:38.886104+00:00 [running]> on host c325767b8aa3
[2026-02-20T08:13:42.009+0000] {taskinstance.py:3134} INFO - Exporting env vars: AIRFLOW_CTX_DAG_OWNER='***' AIRFLOW_CTX_DAG_ID='db_and_model_update' AIRFLOW_CTX_TASK_ID='run_model_update' AIRFLOW_CTX_EXECUTION_DATE='2026-02-20T08:13:38.886104+00:00' AIRFLOW_CTX_TRY_NUMBER='1' AIRFLOW_CTX_DAG_RUN_ID='manual__2026-02-20T08:13:38.886104+00:00'
[2026-02-20T08:13:42.012+0000] {taskinstance.py:732} INFO - ::endgroup::
[2026-02-20T08:13:42.034+0000] {subprocess.py:78} INFO - Tmp dir root location: /tmp
[2026-02-20T08:13:42.036+0000] {subprocess.py:88} INFO - Running command: ['/usr/bin/bash', '-c', 'python /opt/project/src/ml/machine_learning_training.py']
[2026-02-20T08:13:42.052+0000] {subprocess.py:99} INFO - Output:
[2026-02-20T08:13:42.619+0000] {subprocess.py:106} INFO - Traceback (most recent call last):
[2026-02-20T08:13:42.620+0000] {subprocess.py:106} INFO -   File "/opt/project/src/ml/machine_learning_training.py", line 4, in <module>
[2026-02-20T08:13:42.622+0000] {subprocess.py:106} INFO -     from sklearn.metrics import root_mean_squared_error, mean_absolute_error, r2_score
[2026-02-20T08:13:42.623+0000] {subprocess.py:106} INFO - ModuleNotFoundError: No module named 'sklearn'
[2026-02-20T08:13:42.664+0000] {subprocess.py:110} INFO - Command exited with return code 1
[2026-02-20T08:13:42.679+0000] {taskinstance.py:3313} ERROR - Task failed with exception
Traceback (most recent call last):
  File "/home/airflow/.local/lib/python3.11/site-packages/airflow/models/taskinstance.py", line 768, in _execute_task
    result = _execute_callable(context=context, **execute_callable_kwargs)
             ^^^^^^^^^^^^^^^^^^^^^^^^^^^^^^^^^^^^^^^^^^^^^^^^^^^^^^^^^^^^^
  File "/home/airflow/.local/lib/python3.11/site-packages/airflow/models/taskinstance.py", line 734, in _execute_callable
    return ExecutionCallableRunner(
           ^^^^^^^^^^^^^^^^^^^^^^^^
  File "/home/airflow/.local/lib/python3.11/site-packages/airflow/utils/operator_helpers.py", line 252, in run
    return self.func(*args, **kwargs)
           ^^^^^^^^^^^^^^^^^^^^^^^^^^
  File "/home/airflow/.local/lib/python3.11/site-packages/airflow/models/baseoperator.py", line 424, in wrapper
    return func(self, *args, **kwargs)
           ^^^^^^^^^^^^^^^^^^^^^^^^^^^
  File "/home/airflow/.local/lib/python3.11/site-packages/airflow/operators/bash.py", line 276, in execute
    raise AirflowException(
airflow.exceptions.AirflowException: Bash command failed. The command returned a non-zero exit code 1.
[2026-02-20T08:13:42.683+0000] {taskinstance.py:1226} INFO - Marking task as FAILED. dag_id=db_and_model_update, task_id=run_model_update, run_id=manual__2026-02-20T08:13:38.886104+00:00, execution_date=20260220T081338, start_date=20260220T081341, end_date=20260220T081342
[2026-02-20T08:13:42.721+0000] {taskinstance.py:341} INFO - ::group::Post task execution logs
[2026-02-20T08:13:42.722+0000] {standard_task_runner.py:124} ERROR - Failed to execute job 10 for task run_model_update (Bash command failed. The command returned a non-zero exit code 1.; 931)
Traceback (most recent call last):
  File "/home/airflow/.local/lib/python3.11/site-packages/airflow/task/task_runner/standard_task_runner.py", line 117, in _start_by_fork
    ret = args.func(args, dag=self.dag)
          ^^^^^^^^^^^^^^^^^^^^^^^^^^^^^
  File "/home/airflow/.local/lib/python3.11/site-packages/airflow/cli/cli_config.py", line 49, in command
    return func(*args, **kwargs)
           ^^^^^^^^^^^^^^^^^^^^^
  File "/home/airflow/.local/lib/python3.11/site-packages/airflow/utils/cli.py", line 116, in wrapper
    return f(*args, **kwargs)
           ^^^^^^^^^^^^^^^^^^
  File "/home/airflow/.local/lib/python3.11/site-packages/airflow/cli/commands/task_command.py", line 483, in task_run
    task_return_code = _run_task_by_selected_method(args, _dag, ti)
                       ^^^^^^^^^^^^^^^^^^^^^^^^^^^^^^^^^^^^^^^^^^^^
  File "/home/airflow/.local/lib/python3.11/site-packages/airflow/cli/commands/task_command.py", line 256, in _run_task_by_selected_method
    return _run_raw_task(args, ti)
           ^^^^^^^^^^^^^^^^^^^^^^^
  File "/home/airflow/.local/lib/python3.11/site-packages/airflow/cli/commands/task_command.py", line 341, in _run_raw_task
    return ti._run_raw_task(
           ^^^^^^^^^^^^^^^^^
  File "/home/airflow/.local/lib/python3.11/site-packages/airflow/utils/session.py", line 97, in wrapper
    return func(*args, session=session, **kwargs)
           ^^^^^^^^^^^^^^^^^^^^^^^^^^^^^^^^^^^^^^
  File "/home/airflow/.local/lib/python3.11/site-packages/airflow/models/taskinstance.py", line 3006, in _run_raw_task
    return _run_raw_task(
           ^^^^^^^^^^^^^^
  File "/home/airflow/.local/lib/python3.11/site-packages/airflow/models/taskinstance.py", line 274, in _run_raw_task
    TaskInstance._execute_task_with_callbacks(
  File "/home/airflow/.local/lib/python3.11/site-packages/airflow/models/taskinstance.py", line 3161, in _execute_task_with_callbacks
    result = self._execute_task(context, task_orig)
             ^^^^^^^^^^^^^^^^^^^^^^^^^^^^^^^^^^^^^^
  File "/home/airflow/.local/lib/python3.11/site-packages/airflow/models/taskinstance.py", line 3185, in _execute_task
    return _execute_task(self, context, task_orig)
           ^^^^^^^^^^^^^^^^^^^^^^^^^^^^^^^^^^^^^^^
  File "/home/airflow/.local/lib/python3.11/site-packages/airflow/models/taskinstance.py", line 768, in _execute_task
    result = _execute_callable(context=context, **execute_callable_kwargs)
             ^^^^^^^^^^^^^^^^^^^^^^^^^^^^^^^^^^^^^^^^^^^^^^^^^^^^^^^^^^^^^
  File "/home/airflow/.local/lib/python3.11/site-packages/airflow/models/taskinstance.py", line 734, in _execute_callable
    return ExecutionCallableRunner(
           ^^^^^^^^^^^^^^^^^^^^^^^^
  File "/home/airflow/.local/lib/python3.11/site-packages/airflow/utils/operator_helpers.py", line 252, in run
    return self.func(*args, **kwargs)
           ^^^^^^^^^^^^^^^^^^^^^^^^^^
  File "/home/airflow/.local/lib/python3.11/site-packages/airflow/models/baseoperator.py", line 424, in wrapper
    return func(self, *args, **kwargs)
           ^^^^^^^^^^^^^^^^^^^^^^^^^^^
  File "/home/airflow/.local/lib/python3.11/site-packages/airflow/operators/bash.py", line 276, in execute
    raise AirflowException(
airflow.exceptions.AirflowException: Bash command failed. The command returned a non-zero exit code 1.
[2026-02-20T08:13:42.763+0000] {local_task_job_runner.py:266} INFO - Task exited with return code 1
[2026-02-20T08:13:42.781+0000] {taskinstance.py:3901} INFO - 0 downstream tasks scheduled from follow-on schedule check
[2026-02-20T08:13:42.785+0000] {local_task_job_runner.py:245} INFO - ::endgroup::
