[2026-02-20T14:43:05.079+0000] {local_task_job_runner.py:123} INFO - ::group::Pre task execution logs
[2026-02-20T14:43:05.101+0000] {taskinstance.py:2614} INFO - Dependencies all met for dep_context=non-requeueable deps ti=<TaskInstance: db_and_model_update.run_lr_model_update manual__2026-02-20T14:42:59.320390+00:00 [queued]>
[2026-02-20T14:43:05.110+0000] {taskinstance.py:2614} INFO - Dependencies all met for dep_context=requeueable deps ti=<TaskInstance: db_and_model_update.run_lr_model_update manual__2026-02-20T14:42:59.320390+00:00 [queued]>
[2026-02-20T14:43:05.111+0000] {taskinstance.py:2867} INFO - Starting attempt 1 of 1
[2026-02-20T14:43:05.124+0000] {taskinstance.py:2890} INFO - Executing <Task(PythonOperator): run_lr_model_update> on 2026-02-20 14:42:59.320390+00:00
[2026-02-20T14:43:05.132+0000] {standard_task_runner.py:72} INFO - Started process 839 to run task
[2026-02-20T14:43:05.136+0000] {standard_task_runner.py:104} INFO - Running: ['***', 'tasks', 'run', 'db_and_model_update', 'run_lr_model_update', 'manual__2026-02-20T14:42:59.320390+00:00', '--job-id', '81', '--raw', '--subdir', 'DAGS_FOLDER/db_and_model_update_dag.py', '--cfg-path', '/tmp/tmpjl0p0l0o']
[2026-02-20T14:43:05.139+0000] {standard_task_runner.py:105} INFO - Job 81: Subtask run_lr_model_update
[2026-02-20T14:43:05.209+0000] {task_command.py:467} INFO - Running <TaskInstance: db_and_model_update.run_lr_model_update manual__2026-02-20T14:42:59.320390+00:00 [running]> on host 5a32e08586f8
[2026-02-20T14:43:05.306+0000] {taskinstance.py:3134} INFO - Exporting env vars: AIRFLOW_CTX_DAG_OWNER='***' AIRFLOW_CTX_DAG_ID='db_and_model_update' AIRFLOW_CTX_TASK_ID='run_lr_model_update' AIRFLOW_CTX_EXECUTION_DATE='2026-02-20T14:42:59.320390+00:00' AIRFLOW_CTX_TRY_NUMBER='1' AIRFLOW_CTX_DAG_RUN_ID='manual__2026-02-20T14:42:59.320390+00:00'
[2026-02-20T14:43:05.310+0000] {taskinstance.py:732} INFO - ::endgroup::
[2026-02-20T14:43:06.741+0000] {logging_mixin.py:190} INFO - 🔌 Connexion à la base de données...
[2026-02-20T14:43:06.774+0000] {logging_mixin.py:190} INFO - ✅ Connexion réussie!
[2026-02-20T14:43:06.775+0000] {logging_mixin.py:190} INFO - 
==================================================
[2026-02-20T14:43:06.775+0000] {logging_mixin.py:190} INFO - 🎯 TRAITEMENT POUR LA VARIABLE CIBLE: REVENUE
[2026-02-20T14:43:06.776+0000] {logging_mixin.py:190} INFO - ==================================================
[2026-02-20T14:43:06.777+0000] {logging_mixin.py:190} INFO - 🔍 Construction de la requête SQL...
[2026-02-20T14:43:06.778+0000] {logging_mixin.py:190} INFO - 📥 Chargement des données complètes...
[2026-02-20T14:43:06.778+0000] {logging_mixin.py:190} INFO - 🔗 Test de connexion à la base de données...
[2026-02-20T14:43:06.782+0000] {logging_mixin.py:190} INFO - ✅ Connexion PostgreSQL réussie!
[2026-02-20T14:45:15.473+0000] {logging_mixin.py:190} INFO - ✅ Données chargées avec succès. Shape: (10453616, 14)
[2026-02-20T14:45:15.474+0000] {logging_mixin.py:190} INFO - 🔧 Début du préprocessing des données...
[2026-02-20T14:45:19.476+0000] {logging_mixin.py:190} INFO - ✅ Préprocessing terminé! Shape final: X(5392, 218), y(5392,)
[2026-02-20T14:45:19.478+0000] {logging_mixin.py:190} INFO - 
==================================================
[2026-02-20T14:45:19.479+0000] {logging_mixin.py:190} INFO - 🤖 ENTRAÎNEMENT DES MODÈLES
[2026-02-20T14:45:19.479+0000] {logging_mixin.py:190} INFO - ==================================================
[2026-02-20T14:45:19.484+0000] {logging_mixin.py:190} INFO - 
🔧 Entraînement du modèle LinearRegression...
[2026-02-20T14:45:19.536+0000] {logging_mixin.py:190} INFO - LinearRegression :
[2026-02-20T14:45:19.546+0000] {logging_mixin.py:190} INFO - train : 0.6334245204925537
[2026-02-20T14:45:19.549+0000] {logging_mixin.py:190} INFO - test  : 0.5235006809234619
[2026-02-20T14:45:19.550+0000] {logging_mixin.py:190} INFO - 💾 Sauvegarde du modèle LinearRegression...
[2026-02-20T14:45:19.615+0000] {logging_mixin.py:190} INFO - ✅ Modèle LinearRegression sauvegardé: /opt/project/src/ml/models/lr_model_revenue.joblib
[2026-02-20T14:45:19.616+0000] {logging_mixin.py:190} INFO - ✅ Métadonnées sauvegardées: /opt/project/src/ml/models/lr_metadata_revenue.joblib
[2026-02-20T14:45:19.616+0000] {logging_mixin.py:190} INFO - 📊 Scores - Train: 0.6334, Test: 0.5235
[2026-02-20T14:45:19.617+0000] {logging_mixin.py:190} INFO - 🔧 Features: 218, Échantillons: 5392
[2026-02-20T14:45:19.802+0000] {logging_mixin.py:190} INFO - 
🎉 Tous les modèles ont été entraînés et sauvegardés avec succès pour revenue!
[2026-02-20T14:45:22.443+0000] {logging_mixin.py:190} INFO - 
==================================================
[2026-02-20T14:45:22.444+0000] {logging_mixin.py:190} INFO - 🎯 TRAITEMENT POUR LA VARIABLE CIBLE: POPULARITY
[2026-02-20T14:45:22.444+0000] {logging_mixin.py:190} INFO - ==================================================
[2026-02-20T14:45:22.445+0000] {logging_mixin.py:190} INFO - 🔍 Construction de la requête SQL...
[2026-02-20T14:45:22.445+0000] {logging_mixin.py:190} INFO - 📥 Chargement des données complètes...
[2026-02-20T14:45:22.446+0000] {logging_mixin.py:190} INFO - 🔗 Test de connexion à la base de données...
[2026-02-20T14:45:22.450+0000] {logging_mixin.py:190} INFO - ✅ Connexion PostgreSQL réussie!
[2026-02-20T14:47:31.940+0000] {logging_mixin.py:190} INFO - ✅ Données chargées avec succès. Shape: (10453616, 14)
[2026-02-20T14:47:31.942+0000] {logging_mixin.py:190} INFO - 🔧 Début du préprocessing des données...
[2026-02-20T14:47:35.972+0000] {logging_mixin.py:190} INFO - ✅ Préprocessing terminé! Shape final: X(5392, 218), y(5392,)
[2026-02-20T14:47:35.974+0000] {logging_mixin.py:190} INFO - 
==================================================
[2026-02-20T14:47:35.974+0000] {logging_mixin.py:190} INFO - 🤖 ENTRAÎNEMENT DES MODÈLES
[2026-02-20T14:47:35.975+0000] {logging_mixin.py:190} INFO - ==================================================
[2026-02-20T14:47:35.979+0000] {logging_mixin.py:190} INFO - 
🔧 Entraînement du modèle LinearRegression...
[2026-02-20T14:47:36.005+0000] {logging_mixin.py:190} INFO - LinearRegression :
[2026-02-20T14:47:36.017+0000] {logging_mixin.py:190} INFO - train : 0.27121812105178833
[2026-02-20T14:47:36.025+0000] {logging_mixin.py:190} INFO - test  : 0.09180247783660889
[2026-02-20T14:47:36.027+0000] {logging_mixin.py:190} INFO - 💾 Sauvegarde du modèle LinearRegression...
[2026-02-20T14:47:36.083+0000] {logging_mixin.py:190} INFO - ✅ Modèle LinearRegression sauvegardé: /opt/project/src/ml/models/lr_model_popularity.joblib
[2026-02-20T14:47:36.084+0000] {logging_mixin.py:190} INFO - ✅ Métadonnées sauvegardées: /opt/project/src/ml/models/lr_metadata_popularity.joblib
[2026-02-20T14:47:36.085+0000] {logging_mixin.py:190} INFO - 📊 Scores - Train: 0.2712, Test: 0.0918
[2026-02-20T14:47:36.085+0000] {logging_mixin.py:190} INFO - 🔧 Features: 218, Échantillons: 5392
[2026-02-20T14:47:36.314+0000] {logging_mixin.py:190} INFO - 
🎉 Tous les modèles ont été entraînés et sauvegardés avec succès pour popularity!
[2026-02-20T14:47:37.087+0000] {logging_mixin.py:190} INFO - 
==================================================
[2026-02-20T14:47:37.088+0000] {logging_mixin.py:190} INFO - 🎯 TRAITEMENT POUR LA VARIABLE CIBLE: VOTE_AVERAGE
[2026-02-20T14:47:37.090+0000] {logging_mixin.py:190} INFO - ==================================================
[2026-02-20T14:47:37.091+0000] {logging_mixin.py:190} INFO - 🔍 Construction de la requête SQL...
[2026-02-20T14:47:37.092+0000] {logging_mixin.py:190} INFO - 📥 Chargement des données complètes...
[2026-02-20T14:47:37.093+0000] {logging_mixin.py:190} INFO - 🔗 Test de connexion à la base de données...
[2026-02-20T14:47:37.096+0000] {logging_mixin.py:190} INFO - ✅ Connexion PostgreSQL réussie!
[2026-02-20T14:49:46.332+0000] {logging_mixin.py:190} INFO - ✅ Données chargées avec succès. Shape: (10453616, 14)
[2026-02-20T14:49:46.334+0000] {logging_mixin.py:190} INFO - 🔧 Début du préprocessing des données...
[2026-02-20T14:49:50.729+0000] {logging_mixin.py:190} INFO - ✅ Préprocessing terminé! Shape final: X(5392, 218), y(5392,)
[2026-02-20T14:49:50.731+0000] {logging_mixin.py:190} INFO - 
==================================================
[2026-02-20T14:49:50.732+0000] {logging_mixin.py:190} INFO - 🤖 ENTRAÎNEMENT DES MODÈLES
[2026-02-20T14:49:50.732+0000] {logging_mixin.py:190} INFO - ==================================================
[2026-02-20T14:49:50.738+0000] {logging_mixin.py:190} INFO - 
🔧 Entraînement du modèle LinearRegression...
[2026-02-20T14:49:50.772+0000] {logging_mixin.py:190} INFO - LinearRegression :
[2026-02-20T14:49:50.779+0000] {logging_mixin.py:190} INFO - train : 0.3819164037704468
[2026-02-20T14:49:50.787+0000] {logging_mixin.py:190} INFO - test  : 0.27623212337493896
[2026-02-20T14:49:50.789+0000] {logging_mixin.py:190} INFO - 💾 Sauvegarde du modèle LinearRegression...
[2026-02-20T14:49:50.842+0000] {logging_mixin.py:190} INFO - ✅ Modèle LinearRegression sauvegardé: /opt/project/src/ml/models/lr_model_vote_average.joblib
[2026-02-20T14:49:50.844+0000] {logging_mixin.py:190} INFO - ✅ Métadonnées sauvegardées: /opt/project/src/ml/models/lr_metadata_vote_average.joblib
[2026-02-20T14:49:50.845+0000] {logging_mixin.py:190} INFO - 📊 Scores - Train: 0.3819, Test: 0.2762
[2026-02-20T14:49:50.846+0000] {logging_mixin.py:190} INFO - 🔧 Features: 218, Échantillons: 5392
[2026-02-20T14:49:51.128+0000] {logging_mixin.py:190} INFO - 
🎉 Tous les modèles ont été entraînés et sauvegardés avec succès pour vote_average!
[2026-02-20T14:49:53.968+0000] {logging_mixin.py:190} INFO - 
✅ Entrainement terminé pour toutes les variables cibles.
[2026-02-20T14:49:53.969+0000] {logging_mixin.py:190} INFO - 
⏱️ Temps total d'exécution du script: 407.23 secondes
[2026-02-20T14:49:53.971+0000] {python.py:240} INFO - Done. Returned value was: None
[2026-02-20T14:49:53.986+0000] {taskinstance.py:341} INFO - ::group::Post task execution logs
[2026-02-20T14:49:53.987+0000] {taskinstance.py:353} INFO - Marking task as SUCCESS. dag_id=db_and_model_update, task_id=run_lr_model_update, run_id=manual__2026-02-20T14:42:59.320390+00:00, execution_date=20260220T144259, start_date=20260220T144305, end_date=20260220T144953
[2026-02-20T14:49:54.614+0000] {local_task_job_runner.py:266} INFO - Task exited with return code 0
[2026-02-20T14:49:54.653+0000] {taskinstance.py:3901} INFO - 1 downstream tasks scheduled from follow-on schedule check
[2026-02-20T14:49:54.658+0000] {local_task_job_runner.py:245} INFO - ::endgroup::
