[2026-02-28T21:18:59.332+0000] {local_task_job_runner.py:123} INFO - ::group::Pre task execution logs
[2026-02-28T21:18:59.344+0000] {taskinstance.py:2614} INFO - Dependencies all met for dep_context=non-requeueable deps ti=<TaskInstance: db_and_model_update.run_xgb_model_update manual__2026-02-28T21:14:25+00:00 [queued]>
[2026-02-28T21:18:59.349+0000] {taskinstance.py:2614} INFO - Dependencies all met for dep_context=requeueable deps ti=<TaskInstance: db_and_model_update.run_xgb_model_update manual__2026-02-28T21:14:25+00:00 [queued]>
[2026-02-28T21:18:59.350+0000] {taskinstance.py:2867} INFO - Starting attempt 1 of 1
[2026-02-28T21:18:59.357+0000] {taskinstance.py:2890} INFO - Executing <Task(PythonOperator): run_xgb_model_update> on 2026-02-28 21:14:25+00:00
[2026-02-28T21:18:59.362+0000] {standard_task_runner.py:72} INFO - Started process 2714 to run task
[2026-02-28T21:18:59.364+0000] {standard_task_runner.py:104} INFO - Running: ['***', 'tasks', 'run', 'db_and_model_update', 'run_xgb_model_update', 'manual__2026-02-28T21:14:25+00:00', '--job-id', '20', '--raw', '--subdir', 'DAGS_FOLDER/db_and_model_update_dag.py', '--cfg-path', '/tmp/tmpq6mamdz2']
[2026-02-28T21:18:59.366+0000] {standard_task_runner.py:105} INFO - Job 20: Subtask run_xgb_model_update
[2026-02-28T21:18:59.411+0000] {task_command.py:467} INFO - Running <TaskInstance: db_and_model_update.run_xgb_model_update manual__2026-02-28T21:14:25+00:00 [running]> on host 5f1c52170570
[2026-02-28T21:18:59.471+0000] {taskinstance.py:3134} INFO - Exporting env vars: AIRFLOW_CTX_DAG_OWNER='***' AIRFLOW_CTX_DAG_ID='db_and_model_update' AIRFLOW_CTX_TASK_ID='run_xgb_model_update' AIRFLOW_CTX_EXECUTION_DATE='2026-02-28T21:14:25+00:00' AIRFLOW_CTX_TRY_NUMBER='1' AIRFLOW_CTX_DAG_RUN_ID='manual__2026-02-28T21:14:25+00:00'
[2026-02-28T21:18:59.472+0000] {taskinstance.py:732} INFO - ::endgroup::
[2026-02-28T21:19:00.213+0000] {logging_mixin.py:190} INFO - 🔌 Connexion à la base de données...
[2026-02-28T21:19:00.248+0000] {logging_mixin.py:190} INFO - ✅ Connexion réussie!
[2026-02-28T21:19:00.249+0000] {logging_mixin.py:190} INFO - 
==================================================
[2026-02-28T21:19:00.249+0000] {logging_mixin.py:190} INFO - 🎯 TRAITEMENT POUR LA VARIABLE CIBLE: REVENUE
[2026-02-28T21:19:00.250+0000] {logging_mixin.py:190} INFO - ==================================================
[2026-02-28T21:19:00.251+0000] {logging_mixin.py:190} INFO - 🔍 Construction de la requête SQL...
[2026-02-28T21:19:00.251+0000] {logging_mixin.py:190} INFO - 📥 Chargement des données complètes...
[2026-02-28T21:19:00.252+0000] {logging_mixin.py:190} INFO - 🔗 Test de connexion à la base de données...
[2026-02-28T21:19:00.253+0000] {logging_mixin.py:190} INFO - ✅ Connexion PostgreSQL réussie!
[2026-02-28T21:19:42.741+0000] {logging_mixin.py:190} INFO - ✅ Données chargées avec succès. Shape: (2982232, 14)
[2026-02-28T21:19:42.742+0000] {logging_mixin.py:190} INFO - 🔧 Début du préprocessing des données...
[2026-02-28T21:19:43.383+0000] {logging_mixin.py:190} INFO - ✅ Préprocessing terminé! Shape final: X(1212, 201), y(1212,)
[2026-02-28T21:19:43.384+0000] {logging_mixin.py:190} INFO - 
==================================================
[2026-02-28T21:19:43.385+0000] {logging_mixin.py:190} INFO - 🤖 ENTRAÎNEMENT DU MODÈLE XGBOOST
[2026-02-28T21:19:43.386+0000] {logging_mixin.py:190} INFO - ==================================================
[2026-02-28T21:19:43.390+0000] {logging_mixin.py:190} INFO - 
🔧 Entraînement du modèle XGBoost...
[2026-02-28T21:19:43.572+0000] {logging_mixin.py:190} INFO - XGBRegressor :
[2026-02-28T21:19:43.578+0000] {logging_mixin.py:190} INFO - train : 0.9561231136322021
[2026-02-28T21:19:43.583+0000] {logging_mixin.py:190} INFO - test  : 0.5276159048080444
[2026-02-28T21:19:43.584+0000] {logging_mixin.py:190} INFO - nouveau script utilisé
[2026-02-28T21:19:43.584+0000] {logging_mixin.py:190} INFO - 💾 Sauvegarde du modèle XGBoost...
[2026-02-28T21:19:43.625+0000] {logging_mixin.py:190} INFO - ✅ Modèle XGBoost sauvegardé: /opt/project/src/ml/models/xgb_model_revenue.joblib
[2026-02-28T21:19:43.626+0000] {logging_mixin.py:190} INFO - ✅ Métadonnées sauvegardées: /opt/project/src/ml/models/xgb_metadata_revenue.joblib
[2026-02-28T21:19:43.626+0000] {logging_mixin.py:190} INFO - 📊 Scores - Train: 0.9561, Test: 0.5276
[2026-02-28T21:19:43.627+0000] {logging_mixin.py:190} INFO - 🔧 Features: 201, Échantillons: 1212
[2026-02-28T21:19:43.724+0000] {logging_mixin.py:190} INFO - 
🎉 Entrainement terminé et sauvegardés avec succès pour revenue!
[2026-02-28T21:19:44.288+0000] {logging_mixin.py:190} INFO - 
==================================================
[2026-02-28T21:19:44.289+0000] {logging_mixin.py:190} INFO - 🎯 TRAITEMENT POUR LA VARIABLE CIBLE: POPULARITY
[2026-02-28T21:19:44.290+0000] {logging_mixin.py:190} INFO - ==================================================
[2026-02-28T21:19:44.290+0000] {logging_mixin.py:190} INFO - 🔍 Construction de la requête SQL...
[2026-02-28T21:19:44.291+0000] {logging_mixin.py:190} INFO - 📥 Chargement des données complètes...
[2026-02-28T21:19:44.291+0000] {logging_mixin.py:190} INFO - 🔗 Test de connexion à la base de données...
[2026-02-28T21:19:44.294+0000] {logging_mixin.py:190} INFO - ✅ Connexion PostgreSQL réussie!
[2026-02-28T21:20:25.750+0000] {logging_mixin.py:190} INFO - ✅ Données chargées avec succès. Shape: (2982232, 14)
[2026-02-28T21:20:25.751+0000] {logging_mixin.py:190} INFO - 🔧 Début du préprocessing des données...
[2026-02-28T21:20:26.391+0000] {logging_mixin.py:190} INFO - ✅ Préprocessing terminé! Shape final: X(1212, 201), y(1212,)
[2026-02-28T21:20:26.392+0000] {logging_mixin.py:190} INFO - 
==================================================
[2026-02-28T21:20:26.393+0000] {logging_mixin.py:190} INFO - 🤖 ENTRAÎNEMENT DU MODÈLE XGBOOST
[2026-02-28T21:20:26.393+0000] {logging_mixin.py:190} INFO - ==================================================
[2026-02-28T21:20:26.398+0000] {logging_mixin.py:190} INFO - 
🔧 Entraînement du modèle XGBoost...
[2026-02-28T21:20:26.465+0000] {logging_mixin.py:190} INFO - XGBRegressor :
[2026-02-28T21:20:26.470+0000] {logging_mixin.py:190} INFO - train : 0.9714418053627014
[2026-02-28T21:20:26.475+0000] {logging_mixin.py:190} INFO - test  : 0.0468173623085022
[2026-02-28T21:20:26.475+0000] {logging_mixin.py:190} INFO - nouveau script utilisé
[2026-02-28T21:20:26.476+0000] {logging_mixin.py:190} INFO - 💾 Sauvegarde du modèle XGBoost...
[2026-02-28T21:20:26.509+0000] {logging_mixin.py:190} INFO - ✅ Modèle XGBoost sauvegardé: /opt/project/src/ml/models/xgb_model_popularity.joblib
[2026-02-28T21:20:26.510+0000] {logging_mixin.py:190} INFO - ✅ Métadonnées sauvegardées: /opt/project/src/ml/models/xgb_metadata_popularity.joblib
[2026-02-28T21:20:26.510+0000] {logging_mixin.py:190} INFO - 📊 Scores - Train: 0.9714, Test: 0.0468
[2026-02-28T21:20:26.511+0000] {logging_mixin.py:190} INFO - 🔧 Features: 201, Échantillons: 1212
[2026-02-28T21:20:26.581+0000] {logging_mixin.py:190} INFO - 
🎉 Entrainement terminé et sauvegardés avec succès pour popularity!
[2026-02-28T21:20:27.138+0000] {logging_mixin.py:190} INFO - 
==================================================
[2026-02-28T21:20:27.139+0000] {logging_mixin.py:190} INFO - 🎯 TRAITEMENT POUR LA VARIABLE CIBLE: VOTE_AVERAGE
[2026-02-28T21:20:27.139+0000] {logging_mixin.py:190} INFO - ==================================================
[2026-02-28T21:20:27.140+0000] {logging_mixin.py:190} INFO - 🔍 Construction de la requête SQL...
[2026-02-28T21:20:27.141+0000] {logging_mixin.py:190} INFO - 📥 Chargement des données complètes...
[2026-02-28T21:20:27.141+0000] {logging_mixin.py:190} INFO - 🔗 Test de connexion à la base de données...
[2026-02-28T21:20:27.143+0000] {logging_mixin.py:190} INFO - ✅ Connexion PostgreSQL réussie!
[2026-02-28T21:21:08.209+0000] {logging_mixin.py:190} INFO - ✅ Données chargées avec succès. Shape: (2982232, 14)
[2026-02-28T21:21:08.210+0000] {logging_mixin.py:190} INFO - 🔧 Début du préprocessing des données...
[2026-02-28T21:21:08.858+0000] {logging_mixin.py:190} INFO - ✅ Préprocessing terminé! Shape final: X(1212, 201), y(1212,)
[2026-02-28T21:21:08.859+0000] {logging_mixin.py:190} INFO - 
==================================================
[2026-02-28T21:21:08.860+0000] {logging_mixin.py:190} INFO - 🤖 ENTRAÎNEMENT DU MODÈLE XGBOOST
[2026-02-28T21:21:08.861+0000] {logging_mixin.py:190} INFO - ==================================================
[2026-02-28T21:21:08.865+0000] {logging_mixin.py:190} INFO - 
🔧 Entraînement du modèle XGBoost...
[2026-02-28T21:21:08.937+0000] {logging_mixin.py:190} INFO - XGBRegressor :
[2026-02-28T21:21:08.942+0000] {logging_mixin.py:190} INFO - train : 0.8055397272109985
[2026-02-28T21:21:08.947+0000] {logging_mixin.py:190} INFO - test  : 0.379569947719574
[2026-02-28T21:21:08.948+0000] {logging_mixin.py:190} INFO - nouveau script utilisé
[2026-02-28T21:21:08.949+0000] {logging_mixin.py:190} INFO - 💾 Sauvegarde du modèle XGBoost...
[2026-02-28T21:21:08.983+0000] {logging_mixin.py:190} INFO - ✅ Modèle XGBoost sauvegardé: /opt/project/src/ml/models/xgb_model_vote_average.joblib
[2026-02-28T21:21:08.984+0000] {logging_mixin.py:190} INFO - ✅ Métadonnées sauvegardées: /opt/project/src/ml/models/xgb_metadata_vote_average.joblib
[2026-02-28T21:21:08.984+0000] {logging_mixin.py:190} INFO - 📊 Scores - Train: 0.8055, Test: 0.3796
[2026-02-28T21:21:08.985+0000] {logging_mixin.py:190} INFO - 🔧 Features: 201, Échantillons: 1212
[2026-02-28T21:21:09.065+0000] {logging_mixin.py:190} INFO - 
🎉 Entrainement terminé et sauvegardés avec succès pour vote_average!
[2026-02-28T21:21:09.646+0000] {logging_mixin.py:190} INFO - 
✅ Entrainement terminé pour toutes les variables cibles.
[2026-02-28T21:21:09.647+0000] {logging_mixin.py:190} INFO - 
⏱️ Temps total d'exécution du script: 129.43 secondes
[2026-02-28T21:21:09.648+0000] {python.py:240} INFO - Done. Returned value was: None
[2026-02-28T21:21:09.656+0000] {taskinstance.py:341} INFO - ::group::Post task execution logs
[2026-02-28T21:21:09.657+0000] {taskinstance.py:353} INFO - Marking task as SUCCESS. dag_id=db_and_model_update, task_id=run_xgb_model_update, run_id=manual__2026-02-28T21:14:25+00:00, execution_date=20260228T211425, start_date=20260228T211859, end_date=20260228T212109
[2026-02-28T21:21:09.833+0000] {local_task_job_runner.py:266} INFO - Task exited with return code 0
[2026-02-28T21:21:09.845+0000] {taskinstance.py:3901} INFO - 0 downstream tasks scheduled from follow-on schedule check
[2026-02-28T21:21:09.847+0000] {local_task_job_runner.py:245} INFO - ::endgroup::
