[2026-02-24T15:22:09.617+0000] {local_task_job_runner.py:123} INFO - ::group::Pre task execution logs
[2026-02-24T15:22:09.630+0000] {taskinstance.py:2614} INFO - Dependencies all met for dep_context=non-requeueable deps ti=<TaskInstance: db_and_model_update.run_lr_model_update manual__2026-02-24T15:22:04.704273+00:00 [queued]>
[2026-02-24T15:22:09.635+0000] {taskinstance.py:2614} INFO - Dependencies all met for dep_context=requeueable deps ti=<TaskInstance: db_and_model_update.run_lr_model_update manual__2026-02-24T15:22:04.704273+00:00 [queued]>
[2026-02-24T15:22:09.636+0000] {taskinstance.py:2867} INFO - Starting attempt 1 of 1
[2026-02-24T15:22:09.642+0000] {taskinstance.py:2890} INFO - Executing <Task(PythonOperator): run_lr_model_update> on 2026-02-24 15:22:04.704273+00:00
[2026-02-24T15:22:09.646+0000] {standard_task_runner.py:72} INFO - Started process 2512 to run task
[2026-02-24T15:22:09.648+0000] {standard_task_runner.py:104} INFO - Running: ['***', 'tasks', 'run', 'db_and_model_update', 'run_lr_model_update', 'manual__2026-02-24T15:22:04.704273+00:00', '--job-id', '8', '--raw', '--subdir', 'DAGS_FOLDER/db_and_model_update_dag.py', '--cfg-path', '/tmp/tmp_8c1yt_w']
[2026-02-24T15:22:09.650+0000] {standard_task_runner.py:105} INFO - Job 8: Subtask run_lr_model_update
[2026-02-24T15:22:09.692+0000] {task_command.py:467} INFO - Running <TaskInstance: db_and_model_update.run_lr_model_update manual__2026-02-24T15:22:04.704273+00:00 [running]> on host 5f1c52170570
[2026-02-24T15:22:09.753+0000] {taskinstance.py:3134} INFO - Exporting env vars: AIRFLOW_CTX_DAG_OWNER='***' AIRFLOW_CTX_DAG_ID='db_and_model_update' AIRFLOW_CTX_TASK_ID='run_lr_model_update' AIRFLOW_CTX_EXECUTION_DATE='2026-02-24T15:22:04.704273+00:00' AIRFLOW_CTX_TRY_NUMBER='1' AIRFLOW_CTX_DAG_RUN_ID='manual__2026-02-24T15:22:04.704273+00:00'
[2026-02-24T15:22:09.754+0000] {taskinstance.py:732} INFO - ::endgroup::
[2026-02-24T15:22:11.094+0000] {logging_mixin.py:190} INFO - 🔌 Connexion à la base de données...
[2026-02-24T15:22:11.128+0000] {logging_mixin.py:190} INFO - ✅ Connexion réussie!
[2026-02-24T15:22:11.129+0000] {logging_mixin.py:190} INFO - 
==================================================
[2026-02-24T15:22:11.129+0000] {logging_mixin.py:190} INFO - 🎯 TRAITEMENT POUR LA VARIABLE CIBLE: REVENUE
[2026-02-24T15:22:11.130+0000] {logging_mixin.py:190} INFO - ==================================================
[2026-02-24T15:22:11.131+0000] {logging_mixin.py:190} INFO - 🔍 Construction de la requête SQL...
[2026-02-24T15:22:11.131+0000] {logging_mixin.py:190} INFO - 📥 Chargement des données complètes...
[2026-02-24T15:22:11.132+0000] {logging_mixin.py:190} INFO - 🔗 Test de connexion à la base de données...
[2026-02-24T15:22:11.133+0000] {logging_mixin.py:190} INFO - ✅ Connexion PostgreSQL réussie!
[2026-02-24T15:22:47.034+0000] {logging_mixin.py:190} INFO - ✅ Données chargées avec succès. Shape: (2375557, 14)
[2026-02-24T15:22:47.035+0000] {logging_mixin.py:190} INFO - 🔧 Début du préprocessing des données...
[2026-02-24T15:22:47.604+0000] {logging_mixin.py:190} INFO - ✅ Préprocessing terminé! Shape final: X(984, 200), y(984,)
[2026-02-24T15:22:47.605+0000] {logging_mixin.py:190} INFO - 
==================================================
[2026-02-24T15:22:47.606+0000] {logging_mixin.py:190} INFO - 🤖 ENTRAÎNEMENT DU MODÈLE LINEARREGRESSION
[2026-02-24T15:22:47.606+0000] {logging_mixin.py:190} INFO - ==================================================
[2026-02-24T15:22:47.611+0000] {logging_mixin.py:190} INFO - 
🔧 Entraînement du modèle LinearRegression...
[2026-02-24T15:22:47.679+0000] {logging_mixin.py:190} INFO - LinearRegression :
[2026-02-24T15:22:47.694+0000] {logging_mixin.py:190} INFO - train : 0.7379531860351562
[2026-02-24T15:22:47.704+0000] {logging_mixin.py:190} INFO - test  : 0.34222954511642456
[2026-02-24T15:22:47.705+0000] {logging_mixin.py:190} INFO - 💾 Sauvegarde du modèle LinearRegression...
[2026-02-24T15:22:47.752+0000] {logging_mixin.py:190} INFO - ✅ Modèle LinearRegression sauvegardé: /opt/project/src/ml/models/lr_model_revenue.joblib
[2026-02-24T15:22:47.753+0000] {logging_mixin.py:190} INFO - ✅ Métadonnées sauvegardées: /opt/project/src/ml/models/lr_metadata_revenue.joblib
[2026-02-24T15:22:47.754+0000] {logging_mixin.py:190} INFO - 📊 Scores - Train: 0.7380, Test: 0.3422
[2026-02-24T15:22:47.754+0000] {logging_mixin.py:190} INFO - 🔧 Features: 200, Échantillons: 984
[2026-02-24T15:22:47.861+0000] {logging_mixin.py:190} INFO - 
🎉 Entrainement terminé et sauvegardés avec succès pour revenue!
[2026-02-24T15:22:48.333+0000] {logging_mixin.py:190} INFO - 
==================================================
[2026-02-24T15:22:48.334+0000] {logging_mixin.py:190} INFO - 🎯 TRAITEMENT POUR LA VARIABLE CIBLE: POPULARITY
[2026-02-24T15:22:48.334+0000] {logging_mixin.py:190} INFO - ==================================================
[2026-02-24T15:22:48.335+0000] {logging_mixin.py:190} INFO - 🔍 Construction de la requête SQL...
[2026-02-24T15:22:48.336+0000] {logging_mixin.py:190} INFO - 📥 Chargement des données complètes...
[2026-02-24T15:22:48.336+0000] {logging_mixin.py:190} INFO - 🔗 Test de connexion à la base de données...
[2026-02-24T15:22:48.339+0000] {logging_mixin.py:190} INFO - ✅ Connexion PostgreSQL réussie!
[2026-02-24T15:23:22.287+0000] {logging_mixin.py:190} INFO - ✅ Données chargées avec succès. Shape: (2375557, 14)
[2026-02-24T15:23:22.288+0000] {logging_mixin.py:190} INFO - 🔧 Début du préprocessing des données...
[2026-02-24T15:23:22.841+0000] {logging_mixin.py:190} INFO - ✅ Préprocessing terminé! Shape final: X(984, 200), y(984,)
[2026-02-24T15:23:22.842+0000] {logging_mixin.py:190} INFO - 
==================================================
[2026-02-24T15:23:22.843+0000] {logging_mixin.py:190} INFO - 🤖 ENTRAÎNEMENT DU MODÈLE LINEARREGRESSION
[2026-02-24T15:23:22.843+0000] {logging_mixin.py:190} INFO - ==================================================
[2026-02-24T15:23:22.847+0000] {logging_mixin.py:190} INFO - 
🔧 Entraînement du modèle LinearRegression...
[2026-02-24T15:23:22.859+0000] {logging_mixin.py:190} INFO - LinearRegression :
[2026-02-24T15:23:22.868+0000] {logging_mixin.py:190} INFO - train : 0.34846407175064087
[2026-02-24T15:23:22.871+0000] {logging_mixin.py:190} INFO - test  : -0.05808591842651367
[2026-02-24T15:23:22.873+0000] {logging_mixin.py:190} INFO - 💾 Sauvegarde du modèle LinearRegression...
[2026-02-24T15:23:22.936+0000] {logging_mixin.py:190} INFO - ✅ Modèle LinearRegression sauvegardé: /opt/project/src/ml/models/lr_model_popularity.joblib
[2026-02-24T15:23:22.937+0000] {logging_mixin.py:190} INFO - ✅ Métadonnées sauvegardées: /opt/project/src/ml/models/lr_metadata_popularity.joblib
[2026-02-24T15:23:22.937+0000] {logging_mixin.py:190} INFO - 📊 Scores - Train: 0.3485, Test: -0.0581
[2026-02-24T15:23:22.938+0000] {logging_mixin.py:190} INFO - 🔧 Features: 200, Échantillons: 984
[2026-02-24T15:23:23.033+0000] {logging_mixin.py:190} INFO - 
🎉 Entrainement terminé et sauvegardés avec succès pour popularity!
[2026-02-24T15:23:23.502+0000] {logging_mixin.py:190} INFO - 
==================================================
[2026-02-24T15:23:23.502+0000] {logging_mixin.py:190} INFO - 🎯 TRAITEMENT POUR LA VARIABLE CIBLE: VOTE_AVERAGE
[2026-02-24T15:23:23.503+0000] {logging_mixin.py:190} INFO - ==================================================
[2026-02-24T15:23:23.504+0000] {logging_mixin.py:190} INFO - 🔍 Construction de la requête SQL...
[2026-02-24T15:23:23.504+0000] {logging_mixin.py:190} INFO - 📥 Chargement des données complètes...
[2026-02-24T15:23:23.505+0000] {logging_mixin.py:190} INFO - 🔗 Test de connexion à la base de données...
[2026-02-24T15:23:23.507+0000] {logging_mixin.py:190} INFO - ✅ Connexion PostgreSQL réussie!
[2026-02-24T15:23:58.796+0000] {logging_mixin.py:190} INFO - ✅ Données chargées avec succès. Shape: (2375557, 14)
[2026-02-24T15:23:58.797+0000] {logging_mixin.py:190} INFO - 🔧 Début du préprocessing des données...
[2026-02-24T15:23:59.310+0000] {logging_mixin.py:190} INFO - ✅ Préprocessing terminé! Shape final: X(984, 200), y(984,)
[2026-02-24T15:23:59.311+0000] {logging_mixin.py:190} INFO - 
==================================================
[2026-02-24T15:23:59.312+0000] {logging_mixin.py:190} INFO - 🤖 ENTRAÎNEMENT DU MODÈLE LINEARREGRESSION
[2026-02-24T15:23:59.313+0000] {logging_mixin.py:190} INFO - ==================================================
[2026-02-24T15:23:59.316+0000] {logging_mixin.py:190} INFO - 
🔧 Entraînement du modèle LinearRegression...
[2026-02-24T15:23:59.324+0000] {logging_mixin.py:190} INFO - LinearRegression :
[2026-02-24T15:23:59.342+0000] {logging_mixin.py:190} INFO - train : 0.5099430084228516
[2026-02-24T15:23:59.359+0000] {logging_mixin.py:190} INFO - test  : 0.09955579042434692
[2026-02-24T15:23:59.360+0000] {logging_mixin.py:190} INFO - 💾 Sauvegarde du modèle LinearRegression...
[2026-02-24T15:23:59.400+0000] {logging_mixin.py:190} INFO - ✅ Modèle LinearRegression sauvegardé: /opt/project/src/ml/models/lr_model_vote_average.joblib
[2026-02-24T15:23:59.400+0000] {logging_mixin.py:190} INFO - ✅ Métadonnées sauvegardées: /opt/project/src/ml/models/lr_metadata_vote_average.joblib
[2026-02-24T15:23:59.401+0000] {logging_mixin.py:190} INFO - 📊 Scores - Train: 0.5099, Test: 0.0996
[2026-02-24T15:23:59.401+0000] {logging_mixin.py:190} INFO - 🔧 Features: 200, Échantillons: 984
[2026-02-24T15:23:59.507+0000] {logging_mixin.py:190} INFO - 
🎉 Entrainement terminé et sauvegardés avec succès pour vote_average!
[2026-02-24T15:23:59.998+0000] {logging_mixin.py:190} INFO - 
✅ Entrainement terminé pour toutes les variables cibles.
[2026-02-24T15:23:59.999+0000] {logging_mixin.py:190} INFO - 
⏱️ Temps total d'exécution du script: 108.90 secondes
[2026-02-24T15:24:00.000+0000] {python.py:240} INFO - Done. Returned value was: None
[2026-02-24T15:24:00.008+0000] {taskinstance.py:341} INFO - ::group::Post task execution logs
[2026-02-24T15:24:00.009+0000] {taskinstance.py:353} INFO - Marking task as SUCCESS. dag_id=db_and_model_update, task_id=run_lr_model_update, run_id=manual__2026-02-24T15:22:04.704273+00:00, execution_date=20260224T152204, start_date=20260224T152209, end_date=20260224T152400
[2026-02-24T15:24:00.137+0000] {local_task_job_runner.py:266} INFO - Task exited with return code 0
[2026-02-24T15:24:00.156+0000] {taskinstance.py:3901} INFO - 1 downstream tasks scheduled from follow-on schedule check
[2026-02-24T15:24:00.158+0000] {local_task_job_runner.py:245} INFO - ::endgroup::
