[2026-02-28T20:45:25.318+0000] {local_task_job_runner.py:123} INFO - ::group::Pre task execution logs
[2026-02-28T20:45:25.332+0000] {taskinstance.py:2614} INFO - Dependencies all met for dep_context=non-requeueable deps ti=<TaskInstance: db_and_model_update.run_xgb_model_update manual__2026-02-28T20:40:46.799383+00:00 [queued]>
[2026-02-28T20:45:25.337+0000] {taskinstance.py:2614} INFO - Dependencies all met for dep_context=requeueable deps ti=<TaskInstance: db_and_model_update.run_xgb_model_update manual__2026-02-28T20:40:46.799383+00:00 [queued]>
[2026-02-28T20:45:25.338+0000] {taskinstance.py:2867} INFO - Starting attempt 1 of 1
[2026-02-28T20:45:25.344+0000] {taskinstance.py:2890} INFO - Executing <Task(PythonOperator): run_xgb_model_update> on 2026-02-28 20:40:46.799383+00:00
[2026-02-28T20:45:25.349+0000] {standard_task_runner.py:72} INFO - Started process 1904 to run task
[2026-02-28T20:45:25.353+0000] {standard_task_runner.py:104} INFO - Running: ['***', 'tasks', 'run', 'db_and_model_update', 'run_xgb_model_update', 'manual__2026-02-28T20:40:46.799383+00:00', '--job-id', '16', '--raw', '--subdir', 'DAGS_FOLDER/db_and_model_update_dag.py', '--cfg-path', '/tmp/tmpqyn5xr9n']
[2026-02-28T20:45:25.355+0000] {standard_task_runner.py:105} INFO - Job 16: Subtask run_xgb_model_update
[2026-02-28T20:45:25.402+0000] {task_command.py:467} INFO - Running <TaskInstance: db_and_model_update.run_xgb_model_update manual__2026-02-28T20:40:46.799383+00:00 [running]> on host 5f1c52170570
[2026-02-28T20:45:25.462+0000] {taskinstance.py:3134} INFO - Exporting env vars: AIRFLOW_CTX_DAG_OWNER='***' AIRFLOW_CTX_DAG_ID='db_and_model_update' AIRFLOW_CTX_TASK_ID='run_xgb_model_update' AIRFLOW_CTX_EXECUTION_DATE='2026-02-28T20:40:46.799383+00:00' AIRFLOW_CTX_TRY_NUMBER='1' AIRFLOW_CTX_DAG_RUN_ID='manual__2026-02-28T20:40:46.799383+00:00'
[2026-02-28T20:45:25.464+0000] {taskinstance.py:732} INFO - ::endgroup::
[2026-02-28T20:45:26.235+0000] {logging_mixin.py:190} INFO - 🔌 Connexion à la base de données...
[2026-02-28T20:45:26.372+0000] {logging_mixin.py:190} INFO - ✅ Connexion réussie!
[2026-02-28T20:45:26.373+0000] {logging_mixin.py:190} INFO - 
==================================================
[2026-02-28T20:45:26.373+0000] {logging_mixin.py:190} INFO - 🎯 TRAITEMENT POUR LA VARIABLE CIBLE: REVENUE
[2026-02-28T20:45:26.374+0000] {logging_mixin.py:190} INFO - ==================================================
[2026-02-28T20:45:26.374+0000] {logging_mixin.py:190} INFO - 🔍 Construction de la requête SQL...
[2026-02-28T20:45:26.375+0000] {logging_mixin.py:190} INFO - 📥 Chargement des données complètes...
[2026-02-28T20:45:26.375+0000] {logging_mixin.py:190} INFO - 🔗 Test de connexion à la base de données...
[2026-02-28T20:45:26.377+0000] {logging_mixin.py:190} INFO - ✅ Connexion PostgreSQL réussie!
[2026-02-28T20:46:10.553+0000] {logging_mixin.py:190} INFO - ✅ Données chargées avec succès. Shape: (2982232, 14)
[2026-02-28T20:46:10.554+0000] {logging_mixin.py:190} INFO - 🔧 Début du préprocessing des données...
[2026-02-28T20:46:11.199+0000] {logging_mixin.py:190} INFO - ✅ Préprocessing terminé! Shape final: X(1212, 201), y(1212,)
[2026-02-28T20:46:11.199+0000] {logging_mixin.py:190} INFO - 
==================================================
[2026-02-28T20:46:11.200+0000] {logging_mixin.py:190} INFO - 🤖 ENTRAÎNEMENT DU MODÈLE XGBOOST
[2026-02-28T20:46:11.201+0000] {logging_mixin.py:190} INFO - ==================================================
[2026-02-28T20:46:11.205+0000] {logging_mixin.py:190} INFO - 
🔧 Entraînement du modèle XGBoost...
[2026-02-28T20:46:11.392+0000] {logging_mixin.py:190} INFO - XGBRegressor :
[2026-02-28T20:46:11.398+0000] {logging_mixin.py:190} INFO - train : 0.9561231136322021
[2026-02-28T20:46:11.403+0000] {logging_mixin.py:190} INFO - test  : 0.5276159048080444
[2026-02-28T20:46:11.403+0000] {logging_mixin.py:190} INFO - 💾 Sauvegarde du modèle XGBoost...
[2026-02-28T20:46:11.452+0000] {logging_mixin.py:190} INFO - ✅ Modèle XGBoost sauvegardé: /opt/project/src/ml/models/xgb_model_revenue.joblib
[2026-02-28T20:46:11.453+0000] {logging_mixin.py:190} INFO - ✅ Métadonnées sauvegardées: /opt/project/src/ml/models/xgb_metadata_revenue.joblib
[2026-02-28T20:46:11.454+0000] {logging_mixin.py:190} INFO - 📊 Scores - Train: 0.9561, Test: 0.5276
[2026-02-28T20:46:11.454+0000] {logging_mixin.py:190} INFO - 🔧 Features: 201, Échantillons: 1212
[2026-02-28T20:46:11.529+0000] {logging_mixin.py:190} INFO - 
🎉 Entrainement terminé et sauvegardés avec succès pour revenue!
[2026-02-28T20:46:12.127+0000] {logging_mixin.py:190} INFO - 
==================================================
[2026-02-28T20:46:12.128+0000] {logging_mixin.py:190} INFO - 🎯 TRAITEMENT POUR LA VARIABLE CIBLE: POPULARITY
[2026-02-28T20:46:12.129+0000] {logging_mixin.py:190} INFO - ==================================================
[2026-02-28T20:46:12.129+0000] {logging_mixin.py:190} INFO - 🔍 Construction de la requête SQL...
[2026-02-28T20:46:12.130+0000] {logging_mixin.py:190} INFO - 📥 Chargement des données complètes...
[2026-02-28T20:46:12.131+0000] {logging_mixin.py:190} INFO - 🔗 Test de connexion à la base de données...
[2026-02-28T20:46:12.133+0000] {logging_mixin.py:190} INFO - ✅ Connexion PostgreSQL réussie!
[2026-02-28T20:46:55.382+0000] {logging_mixin.py:190} INFO - ✅ Données chargées avec succès. Shape: (2982232, 14)
[2026-02-28T20:46:55.383+0000] {logging_mixin.py:190} INFO - 🔧 Début du préprocessing des données...
[2026-02-28T20:46:56.160+0000] {logging_mixin.py:190} INFO - ✅ Préprocessing terminé! Shape final: X(1212, 201), y(1212,)
[2026-02-28T20:46:56.161+0000] {logging_mixin.py:190} INFO - 
==================================================
[2026-02-28T20:46:56.162+0000] {logging_mixin.py:190} INFO - 🤖 ENTRAÎNEMENT DU MODÈLE XGBOOST
[2026-02-28T20:46:56.163+0000] {logging_mixin.py:190} INFO - ==================================================
[2026-02-28T20:46:56.167+0000] {logging_mixin.py:190} INFO - 
🔧 Entraînement du modèle XGBoost...
[2026-02-28T20:46:56.237+0000] {logging_mixin.py:190} INFO - XGBRegressor :
[2026-02-28T20:46:56.242+0000] {logging_mixin.py:190} INFO - train : 0.9714418053627014
[2026-02-28T20:46:56.247+0000] {logging_mixin.py:190} INFO - test  : 0.0468173623085022
[2026-02-28T20:46:56.248+0000] {logging_mixin.py:190} INFO - 💾 Sauvegarde du modèle XGBoost...
[2026-02-28T20:46:56.296+0000] {logging_mixin.py:190} INFO - ✅ Modèle XGBoost sauvegardé: /opt/project/src/ml/models/xgb_model_popularity.joblib
[2026-02-28T20:46:56.296+0000] {logging_mixin.py:190} INFO - ✅ Métadonnées sauvegardées: /opt/project/src/ml/models/xgb_metadata_popularity.joblib
[2026-02-28T20:46:56.297+0000] {logging_mixin.py:190} INFO - 📊 Scores - Train: 0.9714, Test: 0.0468
[2026-02-28T20:46:56.298+0000] {logging_mixin.py:190} INFO - 🔧 Features: 201, Échantillons: 1212
[2026-02-28T20:46:56.414+0000] {logging_mixin.py:190} INFO - 
🎉 Entrainement terminé et sauvegardés avec succès pour popularity!
[2026-02-28T20:46:57.031+0000] {logging_mixin.py:190} INFO - 
==================================================
[2026-02-28T20:46:57.032+0000] {logging_mixin.py:190} INFO - 🎯 TRAITEMENT POUR LA VARIABLE CIBLE: VOTE_AVERAGE
[2026-02-28T20:46:57.033+0000] {logging_mixin.py:190} INFO - ==================================================
[2026-02-28T20:46:57.034+0000] {logging_mixin.py:190} INFO - 🔍 Construction de la requête SQL...
[2026-02-28T20:46:57.035+0000] {logging_mixin.py:190} INFO - 📥 Chargement des données complètes...
[2026-02-28T20:46:57.036+0000] {logging_mixin.py:190} INFO - 🔗 Test de connexion à la base de données...
[2026-02-28T20:46:57.038+0000] {logging_mixin.py:190} INFO - ✅ Connexion PostgreSQL réussie!
[2026-02-28T20:47:38.845+0000] {logging_mixin.py:190} INFO - ✅ Données chargées avec succès. Shape: (2982232, 14)
[2026-02-28T20:47:38.847+0000] {logging_mixin.py:190} INFO - 🔧 Début du préprocessing des données...
[2026-02-28T20:47:39.599+0000] {logging_mixin.py:190} INFO - ✅ Préprocessing terminé! Shape final: X(1212, 201), y(1212,)
[2026-02-28T20:47:39.600+0000] {logging_mixin.py:190} INFO - 
==================================================
[2026-02-28T20:47:39.601+0000] {logging_mixin.py:190} INFO - 🤖 ENTRAÎNEMENT DU MODÈLE XGBOOST
[2026-02-28T20:47:39.601+0000] {logging_mixin.py:190} INFO - ==================================================
[2026-02-28T20:47:39.606+0000] {logging_mixin.py:190} INFO - 
🔧 Entraînement du modèle XGBoost...
[2026-02-28T20:47:39.680+0000] {logging_mixin.py:190} INFO - XGBRegressor :
[2026-02-28T20:47:39.685+0000] {logging_mixin.py:190} INFO - train : 0.8055397272109985
[2026-02-28T20:47:39.690+0000] {logging_mixin.py:190} INFO - test  : 0.379569947719574
[2026-02-28T20:47:39.691+0000] {logging_mixin.py:190} INFO - 💾 Sauvegarde du modèle XGBoost...
[2026-02-28T20:47:39.744+0000] {logging_mixin.py:190} INFO - ✅ Modèle XGBoost sauvegardé: /opt/project/src/ml/models/xgb_model_vote_average.joblib
[2026-02-28T20:47:39.745+0000] {logging_mixin.py:190} INFO - ✅ Métadonnées sauvegardées: /opt/project/src/ml/models/xgb_metadata_vote_average.joblib
[2026-02-28T20:47:39.745+0000] {logging_mixin.py:190} INFO - 📊 Scores - Train: 0.8055, Test: 0.3796
[2026-02-28T20:47:39.746+0000] {logging_mixin.py:190} INFO - 🔧 Features: 201, Échantillons: 1212
[2026-02-28T20:47:39.856+0000] {logging_mixin.py:190} INFO - 
🎉 Entrainement terminé et sauvegardés avec succès pour vote_average!
[2026-02-28T20:47:40.449+0000] {logging_mixin.py:190} INFO - 
✅ Entrainement terminé pour toutes les variables cibles.
[2026-02-28T20:47:40.450+0000] {logging_mixin.py:190} INFO - 
⏱️ Temps total d'exécution du script: 134.21 secondes
[2026-02-28T20:47:40.451+0000] {python.py:240} INFO - Done. Returned value was: None
[2026-02-28T20:47:40.460+0000] {taskinstance.py:341} INFO - ::group::Post task execution logs
[2026-02-28T20:47:40.461+0000] {taskinstance.py:353} INFO - Marking task as SUCCESS. dag_id=db_and_model_update, task_id=run_xgb_model_update, run_id=manual__2026-02-28T20:40:46.799383+00:00, execution_date=20260228T204046, start_date=20260228T204525, end_date=20260228T204740
[2026-02-28T20:47:40.619+0000] {local_task_job_runner.py:266} INFO - Task exited with return code 0
[2026-02-28T20:47:40.629+0000] {local_task_job_runner.py:245} INFO - ::endgroup::
