[2026-02-20T14:16:33.722+0000] {local_task_job_runner.py:123} INFO - ::group::Pre task execution logs
[2026-02-20T14:16:33.748+0000] {taskinstance.py:2614} INFO - Dependencies all met for dep_context=non-requeueable deps ti=<TaskInstance: db_and_model_update.run_lr_model_update manual__2026-02-20T14:16:29.343432+00:00 [queued]>
[2026-02-20T14:16:33.758+0000] {taskinstance.py:2614} INFO - Dependencies all met for dep_context=requeueable deps ti=<TaskInstance: db_and_model_update.run_lr_model_update manual__2026-02-20T14:16:29.343432+00:00 [queued]>
[2026-02-20T14:16:33.760+0000] {taskinstance.py:2867} INFO - Starting attempt 1 of 1
[2026-02-20T14:16:33.775+0000] {taskinstance.py:2890} INFO - Executing <Task(PythonOperator): run_lr_model_update> on 2026-02-20 14:16:29.343432+00:00
[2026-02-20T14:16:33.782+0000] {standard_task_runner.py:72} INFO - Started process 295 to run task
[2026-02-20T14:16:33.786+0000] {standard_task_runner.py:104} INFO - Running: ['***', 'tasks', 'run', 'db_and_model_update', 'run_lr_model_update', 'manual__2026-02-20T14:16:29.343432+00:00', '--job-id', '79', '--raw', '--subdir', 'DAGS_FOLDER/db_and_model_update_dag.py', '--cfg-path', '/tmp/tmp5xpu3my8']
[2026-02-20T14:16:33.790+0000] {standard_task_runner.py:105} INFO - Job 79: Subtask run_lr_model_update
[2026-02-20T14:16:33.865+0000] {task_command.py:467} INFO - Running <TaskInstance: db_and_model_update.run_lr_model_update manual__2026-02-20T14:16:29.343432+00:00 [running]> on host 5a32e08586f8
[2026-02-20T14:16:33.968+0000] {taskinstance.py:3134} INFO - Exporting env vars: AIRFLOW_CTX_DAG_OWNER='***' AIRFLOW_CTX_DAG_ID='db_and_model_update' AIRFLOW_CTX_TASK_ID='run_lr_model_update' AIRFLOW_CTX_EXECUTION_DATE='2026-02-20T14:16:29.343432+00:00' AIRFLOW_CTX_TRY_NUMBER='1' AIRFLOW_CTX_DAG_RUN_ID='manual__2026-02-20T14:16:29.343432+00:00'
[2026-02-20T14:16:33.970+0000] {taskinstance.py:732} INFO - ::endgroup::
[2026-02-20T14:16:35.129+0000] {logging_mixin.py:190} INFO - 🔌 Connexion à la base de données...
[2026-02-20T14:16:35.161+0000] {logging_mixin.py:190} INFO - ✅ Connexion réussie!
[2026-02-20T14:16:35.162+0000] {logging_mixin.py:190} INFO - 
==================================================
[2026-02-20T14:16:35.163+0000] {logging_mixin.py:190} INFO - 🎯 TRAITEMENT POUR LA VARIABLE CIBLE: REVENUE
[2026-02-20T14:16:35.164+0000] {logging_mixin.py:190} INFO - ==================================================
[2026-02-20T14:16:35.164+0000] {logging_mixin.py:190} INFO - 🔍 Construction de la requête SQL...
[2026-02-20T14:16:35.165+0000] {logging_mixin.py:190} INFO - 📥 Chargement des données complètes...
[2026-02-20T14:16:35.166+0000] {logging_mixin.py:190} INFO - 🔗 Test de connexion à la base de données...
[2026-02-20T14:16:35.169+0000] {logging_mixin.py:190} INFO - ✅ Connexion PostgreSQL réussie!
[2026-02-20T14:18:44.096+0000] {logging_mixin.py:190} INFO - ✅ Données chargées avec succès. Shape: (10453616, 14)
[2026-02-20T14:18:44.097+0000] {logging_mixin.py:190} INFO - 🔧 Début du préprocessing des données...
[2026-02-20T14:18:48.218+0000] {logging_mixin.py:190} INFO - ✅ Préprocessing terminé! Shape final: X(5392, 218), y(5392,)
[2026-02-20T14:18:48.219+0000] {logging_mixin.py:190} INFO - 
==================================================
[2026-02-20T14:18:48.220+0000] {logging_mixin.py:190} INFO - 🤖 ENTRAÎNEMENT DES MODÈLES
[2026-02-20T14:18:48.220+0000] {logging_mixin.py:190} INFO - ==================================================
[2026-02-20T14:18:48.225+0000] {logging_mixin.py:190} INFO - 
🔧 Entraînement du modèle LinearRegression...
[2026-02-20T14:18:48.334+0000] {logging_mixin.py:190} INFO - LinearRegression :
[2026-02-20T14:18:48.358+0000] {logging_mixin.py:190} INFO - train : 0.6334245204925537
[2026-02-20T14:18:48.368+0000] {logging_mixin.py:190} INFO - test  : 0.5235006809234619
[2026-02-20T14:18:48.369+0000] {logging_mixin.py:190} INFO - 💾 Sauvegarde du modèle LinearRegression...
[2026-02-20T14:18:48.418+0000] {logging_mixin.py:190} INFO - ✅ Modèle LinearRegression sauvegardé: /opt/project/src/ml/models/lr_model_revenue.joblib
[2026-02-20T14:18:48.420+0000] {logging_mixin.py:190} INFO - ✅ Métadonnées sauvegardées: /opt/project/src/ml/models/lr_metadata_revenue.joblib
[2026-02-20T14:18:48.421+0000] {logging_mixin.py:190} INFO - 📊 Scores - Train: 0.6334, Test: 0.5235
[2026-02-20T14:18:48.421+0000] {logging_mixin.py:190} INFO - 🔧 Features: 218, Échantillons: 5392
[2026-02-20T14:18:48.618+0000] {logging_mixin.py:190} INFO - 
🎉 Tous les modèles ont été entraînés et sauvegardés avec succès pour revenue!
[2026-02-20T14:18:51.327+0000] {logging_mixin.py:190} INFO - 
==================================================
[2026-02-20T14:18:51.329+0000] {logging_mixin.py:190} INFO - 🎯 TRAITEMENT POUR LA VARIABLE CIBLE: POPULARITY
[2026-02-20T14:18:51.329+0000] {logging_mixin.py:190} INFO - ==================================================
[2026-02-20T14:18:51.330+0000] {logging_mixin.py:190} INFO - 🔍 Construction de la requête SQL...
[2026-02-20T14:18:51.331+0000] {logging_mixin.py:190} INFO - 📥 Chargement des données complètes...
[2026-02-20T14:18:51.331+0000] {logging_mixin.py:190} INFO - 🔗 Test de connexion à la base de données...
[2026-02-20T14:18:51.336+0000] {logging_mixin.py:190} INFO - ✅ Connexion PostgreSQL réussie!
[2026-02-20T14:21:00.625+0000] {logging_mixin.py:190} INFO - ✅ Données chargées avec succès. Shape: (10453616, 14)
[2026-02-20T14:21:00.627+0000] {logging_mixin.py:190} INFO - 🔧 Début du préprocessing des données...
[2026-02-20T14:21:04.750+0000] {logging_mixin.py:190} INFO - ✅ Préprocessing terminé! Shape final: X(5392, 218), y(5392,)
[2026-02-20T14:21:04.751+0000] {logging_mixin.py:190} INFO - 
==================================================
[2026-02-20T14:21:04.752+0000] {logging_mixin.py:190} INFO - 🤖 ENTRAÎNEMENT DES MODÈLES
[2026-02-20T14:21:04.753+0000] {logging_mixin.py:190} INFO - ==================================================
[2026-02-20T14:21:04.758+0000] {logging_mixin.py:190} INFO - 
🔧 Entraînement du modèle LinearRegression...
[2026-02-20T14:21:04.787+0000] {logging_mixin.py:190} INFO - LinearRegression :
[2026-02-20T14:21:04.800+0000] {logging_mixin.py:190} INFO - train : 0.27121812105178833
[2026-02-20T14:21:04.810+0000] {logging_mixin.py:190} INFO - test  : 0.09180247783660889
[2026-02-20T14:21:04.813+0000] {logging_mixin.py:190} INFO - 💾 Sauvegarde du modèle LinearRegression...
[2026-02-20T14:21:04.883+0000] {logging_mixin.py:190} INFO - ✅ Modèle LinearRegression sauvegardé: /opt/project/src/ml/models/lr_model_popularity.joblib
[2026-02-20T14:21:04.884+0000] {logging_mixin.py:190} INFO - ✅ Métadonnées sauvegardées: /opt/project/src/ml/models/lr_metadata_popularity.joblib
[2026-02-20T14:21:04.885+0000] {logging_mixin.py:190} INFO - 📊 Scores - Train: 0.2712, Test: 0.0918
[2026-02-20T14:21:04.885+0000] {logging_mixin.py:190} INFO - 🔧 Features: 218, Échantillons: 5392
[2026-02-20T14:21:05.199+0000] {logging_mixin.py:190} INFO - 
🎉 Tous les modèles ont été entraînés et sauvegardés avec succès pour popularity!
[2026-02-20T14:21:07.890+0000] {logging_mixin.py:190} INFO - 
==================================================
[2026-02-20T14:21:07.891+0000] {logging_mixin.py:190} INFO - 🎯 TRAITEMENT POUR LA VARIABLE CIBLE: VOTE_AVERAGE
[2026-02-20T14:21:07.892+0000] {logging_mixin.py:190} INFO - ==================================================
[2026-02-20T14:21:07.893+0000] {logging_mixin.py:190} INFO - 🔍 Construction de la requête SQL...
[2026-02-20T14:21:07.893+0000] {logging_mixin.py:190} INFO - 📥 Chargement des données complètes...
[2026-02-20T14:21:07.894+0000] {logging_mixin.py:190} INFO - 🔗 Test de connexion à la base de données...
[2026-02-20T14:21:07.899+0000] {logging_mixin.py:190} INFO - ✅ Connexion PostgreSQL réussie!
[2026-02-20T14:23:18.766+0000] {logging_mixin.py:190} INFO - ✅ Données chargées avec succès. Shape: (10453616, 14)
[2026-02-20T14:23:18.767+0000] {logging_mixin.py:190} INFO - 🔧 Début du préprocessing des données...
[2026-02-20T14:23:22.840+0000] {logging_mixin.py:190} INFO - ✅ Préprocessing terminé! Shape final: X(5392, 218), y(5392,)
[2026-02-20T14:23:22.842+0000] {logging_mixin.py:190} INFO - 
==================================================
[2026-02-20T14:23:22.842+0000] {logging_mixin.py:190} INFO - 🤖 ENTRAÎNEMENT DES MODÈLES
[2026-02-20T14:23:22.843+0000] {logging_mixin.py:190} INFO - ==================================================
[2026-02-20T14:23:22.848+0000] {logging_mixin.py:190} INFO - 
🔧 Entraînement du modèle LinearRegression...
[2026-02-20T14:23:22.874+0000] {logging_mixin.py:190} INFO - LinearRegression :
[2026-02-20T14:23:22.888+0000] {logging_mixin.py:190} INFO - train : 0.3819164037704468
[2026-02-20T14:23:22.896+0000] {logging_mixin.py:190} INFO - test  : 0.27623212337493896
[2026-02-20T14:23:22.898+0000] {logging_mixin.py:190} INFO - 💾 Sauvegarde du modèle LinearRegression...
[2026-02-20T14:23:22.946+0000] {logging_mixin.py:190} INFO - ✅ Modèle LinearRegression sauvegardé: /opt/project/src/ml/models/lr_model_vote_average.joblib
[2026-02-20T14:23:22.948+0000] {logging_mixin.py:190} INFO - ✅ Métadonnées sauvegardées: /opt/project/src/ml/models/lr_metadata_vote_average.joblib
[2026-02-20T14:23:22.948+0000] {logging_mixin.py:190} INFO - 📊 Scores - Train: 0.3819, Test: 0.2762
[2026-02-20T14:23:22.949+0000] {logging_mixin.py:190} INFO - 🔧 Features: 218, Échantillons: 5392
[2026-02-20T14:23:23.149+0000] {logging_mixin.py:190} INFO - 
🎉 Tous les modèles ont été entraînés et sauvegardés avec succès pour vote_average!
[2026-02-20T14:23:25.762+0000] {logging_mixin.py:190} INFO - 
✅ Entrainement terminé pour toutes les variables cibles.
[2026-02-20T14:23:25.763+0000] {logging_mixin.py:190} INFO - 
⏱️ Temps total d'exécution du script: 410.63 secondes
[2026-02-20T14:23:25.764+0000] {python.py:240} INFO - Done. Returned value was: None
[2026-02-20T14:23:25.776+0000] {taskinstance.py:341} INFO - ::group::Post task execution logs
[2026-02-20T14:23:25.777+0000] {taskinstance.py:353} INFO - Marking task as SUCCESS. dag_id=db_and_model_update, task_id=run_lr_model_update, run_id=manual__2026-02-20T14:16:29.343432+00:00, execution_date=20260220T141629, start_date=20260220T141633, end_date=20260220T142325
[2026-02-20T14:23:26.374+0000] {local_task_job_runner.py:266} INFO - Task exited with return code 0
[2026-02-20T14:23:26.397+0000] {taskinstance.py:3901} INFO - 0 downstream tasks scheduled from follow-on schedule check
[2026-02-20T14:23:26.402+0000] {local_task_job_runner.py:245} INFO - ::endgroup::
