[2026-02-24T11:08:38.141+0000] {local_task_job_runner.py:123} INFO - ::group::Pre task execution logs
[2026-02-24T11:08:38.164+0000] {taskinstance.py:2614} INFO - Dependencies all met for dep_context=non-requeueable deps ti=<TaskInstance: db_and_model_update.run_lr_model_update manual__2026-02-24T11:08:34.457890+00:00 [queued]>
[2026-02-24T11:08:38.175+0000] {taskinstance.py:2614} INFO - Dependencies all met for dep_context=requeueable deps ti=<TaskInstance: db_and_model_update.run_lr_model_update manual__2026-02-24T11:08:34.457890+00:00 [queued]>
[2026-02-24T11:08:38.176+0000] {taskinstance.py:2867} INFO - Starting attempt 1 of 1
[2026-02-24T11:08:38.191+0000] {taskinstance.py:2890} INFO - Executing <Task(PythonOperator): run_lr_model_update> on 2026-02-24 11:08:34.457890+00:00
[2026-02-24T11:08:38.200+0000] {standard_task_runner.py:72} INFO - Started process 3653 to run task
[2026-02-24T11:08:38.204+0000] {standard_task_runner.py:104} INFO - Running: ['***', 'tasks', 'run', 'db_and_model_update', 'run_lr_model_update', 'manual__2026-02-24T11:08:34.457890+00:00', '--job-id', '92', '--raw', '--subdir', 'DAGS_FOLDER/db_and_model_update_dag.py', '--cfg-path', '/tmp/tmpp6dm1awb']
[2026-02-24T11:08:38.207+0000] {standard_task_runner.py:105} INFO - Job 92: Subtask run_lr_model_update
[2026-02-24T11:08:38.276+0000] {task_command.py:467} INFO - Running <TaskInstance: db_and_model_update.run_lr_model_update manual__2026-02-24T11:08:34.457890+00:00 [running]> on host 5a32e08586f8
[2026-02-24T11:08:38.375+0000] {taskinstance.py:3134} INFO - Exporting env vars: AIRFLOW_CTX_DAG_OWNER='***' AIRFLOW_CTX_DAG_ID='db_and_model_update' AIRFLOW_CTX_TASK_ID='run_lr_model_update' AIRFLOW_CTX_EXECUTION_DATE='2026-02-24T11:08:34.457890+00:00' AIRFLOW_CTX_TRY_NUMBER='1' AIRFLOW_CTX_DAG_RUN_ID='manual__2026-02-24T11:08:34.457890+00:00'
[2026-02-24T11:08:38.377+0000] {taskinstance.py:732} INFO - ::endgroup::
[2026-02-24T11:08:40.178+0000] {logging_mixin.py:190} INFO - 🔌 Connexion à la base de données...
[2026-02-24T11:08:40.209+0000] {logging_mixin.py:190} INFO - ✅ Connexion réussie!
[2026-02-24T11:08:40.209+0000] {logging_mixin.py:190} INFO - 
==================================================
[2026-02-24T11:08:40.210+0000] {logging_mixin.py:190} INFO - 🎯 TRAITEMENT POUR LA VARIABLE CIBLE: REVENUE
[2026-02-24T11:08:40.210+0000] {logging_mixin.py:190} INFO - ==================================================
[2026-02-24T11:08:40.211+0000] {logging_mixin.py:190} INFO - 🔍 Construction de la requête SQL...
[2026-02-24T11:08:40.212+0000] {logging_mixin.py:190} INFO - 📥 Chargement des données complètes...
[2026-02-24T11:08:40.212+0000] {logging_mixin.py:190} INFO - 🔗 Test de connexion à la base de données...
[2026-02-24T11:08:40.215+0000] {logging_mixin.py:190} INFO - ✅ Connexion PostgreSQL réussie!
[2026-02-24T11:10:59.354+0000] {logging_mixin.py:190} INFO - ✅ Données chargées avec succès. Shape: (10453616, 14)
[2026-02-24T11:10:59.355+0000] {logging_mixin.py:190} INFO - 🔧 Début du préprocessing des données...
[2026-02-24T11:11:03.017+0000] {logging_mixin.py:190} INFO - ✅ Préprocessing terminé! Shape final: X(5392, 218), y(5392,)
[2026-02-24T11:11:03.018+0000] {logging_mixin.py:190} INFO - 
==================================================
[2026-02-24T11:11:03.019+0000] {logging_mixin.py:190} INFO - 🤖 ENTRAÎNEMENT DU MODÈLE LINEARREGRESSION
[2026-02-24T11:11:03.020+0000] {logging_mixin.py:190} INFO - ==================================================
[2026-02-24T11:11:03.025+0000] {logging_mixin.py:190} INFO - 
🔧 Entraînement du modèle LinearRegression...
[2026-02-24T11:11:03.115+0000] {logging_mixin.py:190} INFO - LinearRegression :
[2026-02-24T11:11:03.132+0000] {logging_mixin.py:190} INFO - train : 0.6334270238876343
[2026-02-24T11:11:03.139+0000] {logging_mixin.py:190} INFO - test  : 0.5234984159469604
[2026-02-24T11:11:03.140+0000] {logging_mixin.py:190} INFO - 💾 Sauvegarde du modèle LinearRegression...
[2026-02-24T11:11:03.223+0000] {logging_mixin.py:190} INFO - ✅ Modèle LinearRegression sauvegardé: /opt/project/src/ml/models/lr_model_revenue.joblib
[2026-02-24T11:11:03.223+0000] {logging_mixin.py:190} INFO - ✅ Métadonnées sauvegardées: /opt/project/src/ml/models/lr_metadata_revenue.joblib
[2026-02-24T11:11:03.224+0000] {logging_mixin.py:190} INFO - 📊 Scores - Train: 0.6334, Test: 0.5235
[2026-02-24T11:11:03.225+0000] {logging_mixin.py:190} INFO - 🔧 Features: 218, Échantillons: 5392
[2026-02-24T11:11:03.405+0000] {logging_mixin.py:190} INFO - 
🎉 Entrainement terminé et sauvegardés avec succès pour revenue!
[2026-02-24T11:11:05.955+0000] {logging_mixin.py:190} INFO - 
==================================================
[2026-02-24T11:11:05.957+0000] {logging_mixin.py:190} INFO - 🎯 TRAITEMENT POUR LA VARIABLE CIBLE: POPULARITY
[2026-02-24T11:11:05.957+0000] {logging_mixin.py:190} INFO - ==================================================
[2026-02-24T11:11:05.958+0000] {logging_mixin.py:190} INFO - 🔍 Construction de la requête SQL...
[2026-02-24T11:11:05.959+0000] {logging_mixin.py:190} INFO - 📥 Chargement des données complètes...
[2026-02-24T11:11:05.960+0000] {logging_mixin.py:190} INFO - 🔗 Test de connexion à la base de données...
[2026-02-24T11:11:05.965+0000] {logging_mixin.py:190} INFO - ✅ Connexion PostgreSQL réussie!
[2026-02-24T11:13:22.890+0000] {logging_mixin.py:190} INFO - ✅ Données chargées avec succès. Shape: (10453616, 14)
[2026-02-24T11:13:22.892+0000] {logging_mixin.py:190} INFO - 🔧 Début du préprocessing des données...
[2026-02-24T11:13:26.808+0000] {logging_mixin.py:190} INFO - ✅ Préprocessing terminé! Shape final: X(5392, 218), y(5392,)
[2026-02-24T11:13:26.809+0000] {logging_mixin.py:190} INFO - 
==================================================
[2026-02-24T11:13:26.810+0000] {logging_mixin.py:190} INFO - 🤖 ENTRAÎNEMENT DU MODÈLE LINEARREGRESSION
[2026-02-24T11:13:26.811+0000] {logging_mixin.py:190} INFO - ==================================================
[2026-02-24T11:13:26.815+0000] {logging_mixin.py:190} INFO - 
🔧 Entraînement du modèle LinearRegression...
[2026-02-24T11:13:26.844+0000] {logging_mixin.py:190} INFO - LinearRegression :
[2026-02-24T11:13:26.855+0000] {logging_mixin.py:190} INFO - train : 0.2729491591453552
[2026-02-24T11:13:26.863+0000] {logging_mixin.py:190} INFO - test  : 0.09296387434005737
[2026-02-24T11:13:26.865+0000] {logging_mixin.py:190} INFO - 💾 Sauvegarde du modèle LinearRegression...
[2026-02-24T11:13:26.952+0000] {logging_mixin.py:190} INFO - ✅ Modèle LinearRegression sauvegardé: /opt/project/src/ml/models/lr_model_popularity.joblib
[2026-02-24T11:13:26.954+0000] {logging_mixin.py:190} INFO - ✅ Métadonnées sauvegardées: /opt/project/src/ml/models/lr_metadata_popularity.joblib
[2026-02-24T11:13:26.955+0000] {logging_mixin.py:190} INFO - 📊 Scores - Train: 0.2729, Test: 0.0930
[2026-02-24T11:13:26.955+0000] {logging_mixin.py:190} INFO - 🔧 Features: 218, Échantillons: 5392
[2026-02-24T11:13:27.125+0000] {logging_mixin.py:190} INFO - 
🎉 Entrainement terminé et sauvegardés avec succès pour popularity!
[2026-02-24T11:13:29.659+0000] {logging_mixin.py:190} INFO - 
==================================================
[2026-02-24T11:13:29.661+0000] {logging_mixin.py:190} INFO - 🎯 TRAITEMENT POUR LA VARIABLE CIBLE: VOTE_AVERAGE
[2026-02-24T11:13:29.661+0000] {logging_mixin.py:190} INFO - ==================================================
[2026-02-24T11:13:29.662+0000] {logging_mixin.py:190} INFO - 🔍 Construction de la requête SQL...
[2026-02-24T11:13:29.663+0000] {logging_mixin.py:190} INFO - 📥 Chargement des données complètes...
[2026-02-24T11:13:29.663+0000] {logging_mixin.py:190} INFO - 🔗 Test de connexion à la base de données...
[2026-02-24T11:13:29.668+0000] {logging_mixin.py:190} INFO - ✅ Connexion PostgreSQL réussie!
[2026-02-24T11:15:45.369+0000] {logging_mixin.py:190} INFO - ✅ Données chargées avec succès. Shape: (10453616, 14)
[2026-02-24T11:15:45.372+0000] {logging_mixin.py:190} INFO - 🔧 Début du préprocessing des données...
[2026-02-24T11:15:48.376+0000] {logging_mixin.py:190} INFO - ✅ Préprocessing terminé! Shape final: X(5392, 218), y(5392,)
[2026-02-24T11:15:48.378+0000] {logging_mixin.py:190} INFO - 
==================================================
[2026-02-24T11:15:48.379+0000] {logging_mixin.py:190} INFO - 🤖 ENTRAÎNEMENT DU MODÈLE LINEARREGRESSION
[2026-02-24T11:15:48.380+0000] {logging_mixin.py:190} INFO - ==================================================
[2026-02-24T11:15:48.385+0000] {logging_mixin.py:190} INFO - 
🔧 Entraînement du modèle LinearRegression...
[2026-02-24T11:15:48.413+0000] {logging_mixin.py:190} INFO - LinearRegression :
[2026-02-24T11:15:48.422+0000] {logging_mixin.py:190} INFO - train : 0.3819313049316406
[2026-02-24T11:15:48.430+0000] {logging_mixin.py:190} INFO - test  : 0.27620017528533936
[2026-02-24T11:15:48.431+0000] {logging_mixin.py:190} INFO - 💾 Sauvegarde du modèle LinearRegression...
[2026-02-24T11:15:48.518+0000] {logging_mixin.py:190} INFO - ✅ Modèle LinearRegression sauvegardé: /opt/project/src/ml/models/lr_model_vote_average.joblib
[2026-02-24T11:15:48.519+0000] {logging_mixin.py:190} INFO - ✅ Métadonnées sauvegardées: /opt/project/src/ml/models/lr_metadata_vote_average.joblib
[2026-02-24T11:15:48.520+0000] {logging_mixin.py:190} INFO - 📊 Scores - Train: 0.3819, Test: 0.2762
[2026-02-24T11:15:48.520+0000] {logging_mixin.py:190} INFO - 🔧 Features: 218, Échantillons: 5392
[2026-02-24T11:15:48.747+0000] {logging_mixin.py:190} INFO - 
🎉 Entrainement terminé et sauvegardés avec succès pour vote_average!
[2026-02-24T11:15:51.285+0000] {logging_mixin.py:190} INFO - 
✅ Entrainement terminé pour toutes les variables cibles.
[2026-02-24T11:15:51.287+0000] {logging_mixin.py:190} INFO - 
⏱️ Temps total d'exécution du script: 431.11 secondes
[2026-02-24T11:15:51.289+0000] {python.py:240} INFO - Done. Returned value was: None
[2026-02-24T11:15:51.299+0000] {taskinstance.py:341} INFO - ::group::Post task execution logs
[2026-02-24T11:15:51.300+0000] {taskinstance.py:353} INFO - Marking task as SUCCESS. dag_id=db_and_model_update, task_id=run_lr_model_update, run_id=manual__2026-02-24T11:08:34.457890+00:00, execution_date=20260224T110834, start_date=20260224T110838, end_date=20260224T111551
[2026-02-24T11:15:51.947+0000] {local_task_job_runner.py:266} INFO - Task exited with return code 0
[2026-02-24T11:15:52.011+0000] {taskinstance.py:3901} INFO - 0 downstream tasks scheduled from follow-on schedule check
[2026-02-24T11:15:52.016+0000] {local_task_job_runner.py:245} INFO - ::endgroup::
