[2026-02-19T15:40:58.516+0000] {local_task_job_runner.py:123} INFO - ::group::Pre task execution logs
[2026-02-19T15:40:58.525+0000] {taskinstance.py:2614} INFO - Dependencies all met for dep_context=non-requeueable deps ti=<TaskInstance: ingestion_postgres_tmdb.run_main_ingestion_postgre manual__2026-02-19T15:40:47.950268+00:00 [queued]>
[2026-02-19T15:40:58.530+0000] {taskinstance.py:2614} INFO - Dependencies all met for dep_context=requeueable deps ti=<TaskInstance: ingestion_postgres_tmdb.run_main_ingestion_postgre manual__2026-02-19T15:40:47.950268+00:00 [queued]>
[2026-02-19T15:40:58.531+0000] {taskinstance.py:2867} INFO - Starting attempt 1 of 1
[2026-02-19T15:40:58.553+0000] {taskinstance.py:2890} INFO - Executing <Task(BashOperator): run_main_ingestion_postgre> on 2026-02-19 15:40:47.950268+00:00
[2026-02-19T15:40:58.560+0000] {standard_task_runner.py:72} INFO - Started process 221 to run task
[2026-02-19T15:40:58.565+0000] {standard_task_runner.py:104} INFO - Running: ['airflow', 'tasks', 'run', 'ingestion_postgres_tmdb', 'run_main_ingestion_postgre', 'manual__2026-02-19T15:40:47.950268+00:00', '--job-id', '3', '--raw', '--subdir', 'DAGS_FOLDER/ingestion_postgres_dag.py', '--cfg-path', '/tmp/tmpylyz7mks']
[2026-02-19T15:40:58.569+0000] {standard_task_runner.py:105} INFO - Job 3: Subtask run_main_ingestion_postgre
[2026-02-19T15:40:58.646+0000] {task_command.py:467} INFO - Running <TaskInstance: ingestion_postgres_tmdb.run_main_ingestion_postgre manual__2026-02-19T15:40:47.950268+00:00 [running]> on host aeb9bb35516b
[2026-02-19T15:40:58.731+0000] {taskinstance.py:3134} INFO - Exporting env vars: AIRFLOW_CTX_DAG_OWNER='movie-team' AIRFLOW_CTX_DAG_ID='ingestion_postgres_tmdb' AIRFLOW_CTX_TASK_ID='run_main_ingestion_postgre' AIRFLOW_CTX_EXECUTION_DATE='2026-02-19T15:40:47.950268+00:00' AIRFLOW_CTX_TRY_NUMBER='1' AIRFLOW_CTX_DAG_RUN_ID='manual__2026-02-19T15:40:47.950268+00:00'
[2026-02-19T15:40:58.733+0000] {taskinstance.py:732} INFO - ::endgroup::
[2026-02-19T15:40:58.750+0000] {subprocess.py:78} INFO - Tmp dir root location: /tmp
[2026-02-19T15:40:58.753+0000] {subprocess.py:88} INFO - Running command: ['/usr/bin/bash', '-c', 'python /opt/project/src/ingestion/main_ingestion_postgre.py']
[2026-02-19T15:40:58.768+0000] {subprocess.py:99} INFO - Output:
[2026-02-19T15:41:00.341+0000] {subprocess.py:106} INFO - 🔌 Connexion à la base de données...
[2026-02-19T15:41:00.342+0000] {subprocess.py:106} INFO - ❌ Échec de la connexion à la base de données: (psycopg2.OperationalError) connection to server at "localhost" (::1), port 5432 failed: Connection refused
[2026-02-19T15:41:00.344+0000] {subprocess.py:106} INFO - 	Is the server running on that host and accepting TCP/IP connections?
[2026-02-19T15:41:00.344+0000] {subprocess.py:106} INFO - connection to server at "localhost" (127.0.0.1), port 5432 failed: Connection refused
[2026-02-19T15:41:00.345+0000] {subprocess.py:106} INFO - 	Is the server running on that host and accepting TCP/IP connections?
[2026-02-19T15:41:00.346+0000] {subprocess.py:106} INFO - 
[2026-02-19T15:41:00.347+0000] {subprocess.py:106} INFO - (Background on this error at: https://sqlalche.me/e/14/e3q8)
[2026-02-19T15:41:00.501+0000] {subprocess.py:110} INFO - Command exited with return code 0
[2026-02-19T15:41:00.528+0000] {taskinstance.py:341} INFO - ::group::Post task execution logs
[2026-02-19T15:41:00.529+0000] {taskinstance.py:353} INFO - Marking task as SUCCESS. dag_id=ingestion_postgres_tmdb, task_id=run_main_ingestion_postgre, run_id=manual__2026-02-19T15:40:47.950268+00:00, execution_date=20260219T154047, start_date=20260219T154058, end_date=20260219T154100
[2026-02-19T15:41:00.586+0000] {local_task_job_runner.py:266} INFO - Task exited with return code 0
[2026-02-19T15:41:00.597+0000] {taskinstance.py:3901} INFO - 0 downstream tasks scheduled from follow-on schedule check
[2026-02-19T15:41:00.598+0000] {local_task_job_runner.py:245} INFO - ::endgroup::
