[2026-02-24T13:26:42.909+0000] {local_task_job_runner.py:123} INFO - ::group::Pre task execution logs
[2026-02-24T13:26:42.923+0000] {taskinstance.py:2614} INFO - Dependencies all met for dep_context=non-requeueable deps ti=<TaskInstance: db_and_model_update.run_lr_model_update scheduled__2026-02-16T14:00:00+00:00 [queued]>
[2026-02-24T13:26:42.928+0000] {taskinstance.py:2614} INFO - Dependencies all met for dep_context=requeueable deps ti=<TaskInstance: db_and_model_update.run_lr_model_update scheduled__2026-02-16T14:00:00+00:00 [queued]>
[2026-02-24T13:26:42.929+0000] {taskinstance.py:2867} INFO - Starting attempt 1 of 1
[2026-02-24T13:26:42.935+0000] {taskinstance.py:2890} INFO - Executing <Task(PythonOperator): run_lr_model_update> on 2026-02-16 14:00:00+00:00
[2026-02-24T13:26:42.940+0000] {standard_task_runner.py:72} INFO - Started process 107 to run task
[2026-02-24T13:26:42.942+0000] {standard_task_runner.py:104} INFO - Running: ['***', 'tasks', 'run', 'db_and_model_update', 'run_lr_model_update', 'scheduled__2026-02-16T14:00:00+00:00', '--job-id', '3', '--raw', '--subdir', 'DAGS_FOLDER/db_and_model_update_dag.py', '--cfg-path', '/tmp/tmp3p8svt8m']
[2026-02-24T13:26:42.944+0000] {standard_task_runner.py:105} INFO - Job 3: Subtask run_lr_model_update
[2026-02-24T13:26:42.989+0000] {task_command.py:467} INFO - Running <TaskInstance: db_and_model_update.run_lr_model_update scheduled__2026-02-16T14:00:00+00:00 [running]> on host 5f1c52170570
[2026-02-24T13:26:43.046+0000] {taskinstance.py:3134} INFO - Exporting env vars: AIRFLOW_CTX_DAG_OWNER='***' AIRFLOW_CTX_DAG_ID='db_and_model_update' AIRFLOW_CTX_TASK_ID='run_lr_model_update' AIRFLOW_CTX_EXECUTION_DATE='2026-02-16T14:00:00+00:00' AIRFLOW_CTX_TRY_NUMBER='1' AIRFLOW_CTX_DAG_RUN_ID='scheduled__2026-02-16T14:00:00+00:00'
[2026-02-24T13:26:43.047+0000] {taskinstance.py:732} INFO - ::endgroup::
[2026-02-24T13:26:43.952+0000] {logging_mixin.py:190} INFO - 🔌 Connexion à la base de données...
[2026-02-24T13:26:43.992+0000] {logging_mixin.py:190} INFO - ✅ Connexion réussie!
[2026-02-24T13:26:43.994+0000] {logging_mixin.py:190} INFO - 
==================================================
[2026-02-24T13:26:43.994+0000] {logging_mixin.py:190} INFO - 🎯 TRAITEMENT POUR LA VARIABLE CIBLE: REVENUE
[2026-02-24T13:26:43.995+0000] {logging_mixin.py:190} INFO - ==================================================
[2026-02-24T13:26:43.996+0000] {logging_mixin.py:190} INFO - 🔍 Construction de la requête SQL...
[2026-02-24T13:26:43.996+0000] {logging_mixin.py:190} INFO - 📥 Chargement des données complètes...
[2026-02-24T13:26:43.997+0000] {logging_mixin.py:190} INFO - 🔗 Test de connexion à la base de données...
[2026-02-24T13:26:43.999+0000] {logging_mixin.py:190} INFO - ✅ Connexion PostgreSQL réussie!
[2026-02-24T13:27:24.992+0000] {logging_mixin.py:190} INFO - ✅ Données chargées avec succès. Shape: (2345680, 14)
[2026-02-24T13:27:24.993+0000] {logging_mixin.py:190} INFO - 🔧 Début du préprocessing des données...
[2026-02-24T13:27:25.493+0000] {logging_mixin.py:190} INFO - ✅ Préprocessing terminé! Shape final: X(975, 200), y(975,)
[2026-02-24T13:27:25.494+0000] {logging_mixin.py:190} INFO - 
==================================================
[2026-02-24T13:27:25.494+0000] {logging_mixin.py:190} INFO - 🤖 ENTRAÎNEMENT DU MODÈLE LINEARREGRESSION
[2026-02-24T13:27:25.495+0000] {logging_mixin.py:190} INFO - ==================================================
[2026-02-24T13:27:25.499+0000] {logging_mixin.py:190} INFO - 
🔧 Entraînement du modèle LinearRegression...
[2026-02-24T13:27:25.522+0000] {logging_mixin.py:190} INFO - LinearRegression :
[2026-02-24T13:27:25.533+0000] {logging_mixin.py:190} INFO - train : 0.7512510418891907
[2026-02-24T13:27:25.541+0000] {logging_mixin.py:190} INFO - test  : 0.47391432523727417
[2026-02-24T13:27:25.548+0000] {logging_mixin.py:190} INFO - 💾 Sauvegarde du modèle LinearRegression...
[2026-02-24T13:27:25.595+0000] {logging_mixin.py:190} INFO - ✅ Modèle LinearRegression sauvegardé: /opt/project/src/ml/models/lr_model_revenue.joblib
[2026-02-24T13:27:25.596+0000] {logging_mixin.py:190} INFO - ✅ Métadonnées sauvegardées: /opt/project/src/ml/models/lr_metadata_revenue.joblib
[2026-02-24T13:27:25.596+0000] {logging_mixin.py:190} INFO - 📊 Scores - Train: 0.7513, Test: 0.4739
[2026-02-24T13:27:25.597+0000] {logging_mixin.py:190} INFO - 🔧 Features: 200, Échantillons: 975
[2026-02-24T13:27:25.669+0000] {logging_mixin.py:190} INFO - 
🎉 Entrainement terminé et sauvegardés avec succès pour revenue!
[2026-02-24T13:27:26.110+0000] {logging_mixin.py:190} INFO - 
==================================================
[2026-02-24T13:27:26.110+0000] {logging_mixin.py:190} INFO - 🎯 TRAITEMENT POUR LA VARIABLE CIBLE: POPULARITY
[2026-02-24T13:27:26.111+0000] {logging_mixin.py:190} INFO - ==================================================
[2026-02-24T13:27:26.111+0000] {logging_mixin.py:190} INFO - 🔍 Construction de la requête SQL...
[2026-02-24T13:27:26.112+0000] {logging_mixin.py:190} INFO - 📥 Chargement des données complètes...
[2026-02-24T13:27:26.112+0000] {logging_mixin.py:190} INFO - 🔗 Test de connexion à la base de données...
[2026-02-24T13:27:26.114+0000] {logging_mixin.py:190} INFO - ✅ Connexion PostgreSQL réussie!
[2026-02-24T13:28:02.629+0000] {logging_mixin.py:190} INFO - ✅ Données chargées avec succès. Shape: (2345680, 14)
[2026-02-24T13:28:02.630+0000] {logging_mixin.py:190} INFO - 🔧 Début du préprocessing des données...
[2026-02-24T13:28:03.136+0000] {logging_mixin.py:190} INFO - ✅ Préprocessing terminé! Shape final: X(975, 200), y(975,)
[2026-02-24T13:28:03.137+0000] {logging_mixin.py:190} INFO - 
==================================================
[2026-02-24T13:28:03.138+0000] {logging_mixin.py:190} INFO - 🤖 ENTRAÎNEMENT DU MODÈLE LINEARREGRESSION
[2026-02-24T13:28:03.139+0000] {logging_mixin.py:190} INFO - ==================================================
[2026-02-24T13:28:03.143+0000] {logging_mixin.py:190} INFO - 
🔧 Entraînement du modèle LinearRegression...
[2026-02-24T13:28:03.151+0000] {logging_mixin.py:190} INFO - LinearRegression :
[2026-02-24T13:28:03.167+0000] {logging_mixin.py:190} INFO - train : 0.38553673028945923
[2026-02-24T13:28:03.185+0000] {logging_mixin.py:190} INFO - test  : -0.09797680377960205
[2026-02-24T13:28:03.186+0000] {logging_mixin.py:190} INFO - 💾 Sauvegarde du modèle LinearRegression...
[2026-02-24T13:28:03.234+0000] {logging_mixin.py:190} INFO - ✅ Modèle LinearRegression sauvegardé: /opt/project/src/ml/models/lr_model_popularity.joblib
[2026-02-24T13:28:03.234+0000] {logging_mixin.py:190} INFO - ✅ Métadonnées sauvegardées: /opt/project/src/ml/models/lr_metadata_popularity.joblib
[2026-02-24T13:28:03.235+0000] {logging_mixin.py:190} INFO - 📊 Scores - Train: 0.3855, Test: -0.0980
[2026-02-24T13:28:03.236+0000] {logging_mixin.py:190} INFO - 🔧 Features: 200, Échantillons: 975
[2026-02-24T13:28:03.310+0000] {logging_mixin.py:190} INFO - 
🎉 Entrainement terminé et sauvegardés avec succès pour popularity!
[2026-02-24T13:28:03.761+0000] {logging_mixin.py:190} INFO - 
==================================================
[2026-02-24T13:28:03.762+0000] {logging_mixin.py:190} INFO - 🎯 TRAITEMENT POUR LA VARIABLE CIBLE: VOTE_AVERAGE
[2026-02-24T13:28:03.763+0000] {logging_mixin.py:190} INFO - ==================================================
[2026-02-24T13:28:03.764+0000] {logging_mixin.py:190} INFO - 🔍 Construction de la requête SQL...
[2026-02-24T13:28:03.764+0000] {logging_mixin.py:190} INFO - 📥 Chargement des données complètes...
[2026-02-24T13:28:03.765+0000] {logging_mixin.py:190} INFO - 🔗 Test de connexion à la base de données...
[2026-02-24T13:28:03.767+0000] {logging_mixin.py:190} INFO - ✅ Connexion PostgreSQL réussie!
[2026-02-24T13:28:38.545+0000] {logging_mixin.py:190} INFO - ✅ Données chargées avec succès. Shape: (2345680, 14)
[2026-02-24T13:28:38.546+0000] {logging_mixin.py:190} INFO - 🔧 Début du préprocessing des données...
[2026-02-24T13:28:39.073+0000] {logging_mixin.py:190} INFO - ✅ Préprocessing terminé! Shape final: X(975, 200), y(975,)
[2026-02-24T13:28:39.074+0000] {logging_mixin.py:190} INFO - 
==================================================
[2026-02-24T13:28:39.075+0000] {logging_mixin.py:190} INFO - 🤖 ENTRAÎNEMENT DU MODÈLE LINEARREGRESSION
[2026-02-24T13:28:39.075+0000] {logging_mixin.py:190} INFO - ==================================================
[2026-02-24T13:28:39.080+0000] {logging_mixin.py:190} INFO - 
🔧 Entraînement du modèle LinearRegression...
[2026-02-24T13:28:39.317+0000] {logging_mixin.py:190} INFO - LinearRegression :
[2026-02-24T13:28:39.334+0000] {logging_mixin.py:190} INFO - train : 0.5311447381973267
[2026-02-24T13:28:39.345+0000] {logging_mixin.py:190} INFO - test  : -0.12416958808898926
[2026-02-24T13:28:39.347+0000] {logging_mixin.py:190} INFO - 💾 Sauvegarde du modèle LinearRegression...
[2026-02-24T13:28:39.403+0000] {logging_mixin.py:190} INFO - ✅ Modèle LinearRegression sauvegardé: /opt/project/src/ml/models/lr_model_vote_average.joblib
[2026-02-24T13:28:39.404+0000] {logging_mixin.py:190} INFO - ✅ Métadonnées sauvegardées: /opt/project/src/ml/models/lr_metadata_vote_average.joblib
[2026-02-24T13:28:39.405+0000] {logging_mixin.py:190} INFO - 📊 Scores - Train: 0.5311, Test: -0.1242
[2026-02-24T13:28:39.406+0000] {logging_mixin.py:190} INFO - 🔧 Features: 200, Échantillons: 975
[2026-02-24T13:28:39.533+0000] {logging_mixin.py:190} INFO - 
🎉 Entrainement terminé et sauvegardés avec succès pour vote_average!
[2026-02-24T13:28:40.029+0000] {logging_mixin.py:190} INFO - 
✅ Entrainement terminé pour toutes les variables cibles.
[2026-02-24T13:28:40.030+0000] {logging_mixin.py:190} INFO - 
⏱️ Temps total d'exécution du script: 116.08 secondes
[2026-02-24T13:28:40.031+0000] {python.py:240} INFO - Done. Returned value was: None
[2026-02-24T13:28:40.039+0000] {taskinstance.py:341} INFO - ::group::Post task execution logs
[2026-02-24T13:28:40.040+0000] {taskinstance.py:353} INFO - Marking task as SUCCESS. dag_id=db_and_model_update, task_id=run_lr_model_update, run_id=scheduled__2026-02-16T14:00:00+00:00, execution_date=20260216T140000, start_date=20260224T132642, end_date=20260224T132840
[2026-02-24T13:28:40.175+0000] {local_task_job_runner.py:266} INFO - Task exited with return code 0
[2026-02-24T13:28:40.191+0000] {taskinstance.py:3901} INFO - 1 downstream tasks scheduled from follow-on schedule check
[2026-02-24T13:28:40.193+0000] {local_task_job_runner.py:245} INFO - ::endgroup::
