[2026-02-20T14:57:35.690+0000] {local_task_job_runner.py:123} INFO - ::group::Pre task execution logs
[2026-02-20T14:57:35.721+0000] {taskinstance.py:2614} INFO - Dependencies all met for dep_context=non-requeueable deps ti=<TaskInstance: db_and_model_update.run_xgb_model_update manual__2026-02-20T14:42:59.320390+00:00 [queued]>
[2026-02-20T14:57:35.738+0000] {taskinstance.py:2614} INFO - Dependencies all met for dep_context=requeueable deps ti=<TaskInstance: db_and_model_update.run_xgb_model_update manual__2026-02-20T14:42:59.320390+00:00 [queued]>
[2026-02-20T14:57:35.741+0000] {taskinstance.py:2867} INFO - Starting attempt 1 of 1
[2026-02-20T14:57:35.759+0000] {taskinstance.py:2890} INFO - Executing <Task(PythonOperator): run_xgb_model_update> on 2026-02-20 14:42:59.320390+00:00
[2026-02-20T14:57:35.770+0000] {standard_task_runner.py:72} INFO - Started process 1148 to run task
[2026-02-20T14:57:35.775+0000] {standard_task_runner.py:104} INFO - Running: ['***', 'tasks', 'run', 'db_and_model_update', 'run_xgb_model_update', 'manual__2026-02-20T14:42:59.320390+00:00', '--job-id', '83', '--raw', '--subdir', 'DAGS_FOLDER/db_and_model_update_dag.py', '--cfg-path', '/tmp/tmpdr98r1l_']
[2026-02-20T14:57:35.779+0000] {standard_task_runner.py:105} INFO - Job 83: Subtask run_xgb_model_update
[2026-02-20T14:57:35.867+0000] {task_command.py:467} INFO - Running <TaskInstance: db_and_model_update.run_xgb_model_update manual__2026-02-20T14:42:59.320390+00:00 [running]> on host 5a32e08586f8
[2026-02-20T14:57:36.001+0000] {taskinstance.py:3134} INFO - Exporting env vars: AIRFLOW_CTX_DAG_OWNER='***' AIRFLOW_CTX_DAG_ID='db_and_model_update' AIRFLOW_CTX_TASK_ID='run_xgb_model_update' AIRFLOW_CTX_EXECUTION_DATE='2026-02-20T14:42:59.320390+00:00' AIRFLOW_CTX_TRY_NUMBER='1' AIRFLOW_CTX_DAG_RUN_ID='manual__2026-02-20T14:42:59.320390+00:00'
[2026-02-20T14:57:36.005+0000] {taskinstance.py:732} INFO - ::endgroup::
[2026-02-20T14:57:37.723+0000] {logging_mixin.py:190} INFO - 🔌 Connexion à la base de données...
[2026-02-20T14:57:37.765+0000] {logging_mixin.py:190} INFO - ✅ Connexion réussie!
[2026-02-20T14:57:37.766+0000] {logging_mixin.py:190} INFO - 
==================================================
[2026-02-20T14:57:37.767+0000] {logging_mixin.py:190} INFO - 🎯 TRAITEMENT POUR LA VARIABLE CIBLE: REVENUE
[2026-02-20T14:57:37.767+0000] {logging_mixin.py:190} INFO - ==================================================
[2026-02-20T14:57:37.768+0000] {logging_mixin.py:190} INFO - 🔍 Construction de la requête SQL...
[2026-02-20T14:57:37.769+0000] {logging_mixin.py:190} INFO - 📥 Chargement des données complètes...
[2026-02-20T14:57:37.769+0000] {logging_mixin.py:190} INFO - 🔗 Test de connexion à la base de données...
[2026-02-20T14:57:37.773+0000] {logging_mixin.py:190} INFO - ✅ Connexion PostgreSQL réussie!
[2026-02-20T14:59:48.928+0000] {logging_mixin.py:190} INFO - ✅ Données chargées avec succès. Shape: (10453616, 14)
[2026-02-20T14:59:48.929+0000] {logging_mixin.py:190} INFO - 🔧 Début du préprocessing des données...
[2026-02-20T14:59:53.205+0000] {logging_mixin.py:190} INFO - ✅ Préprocessing terminé! Shape final: X(5392, 218), y(5392,)
[2026-02-20T14:59:53.206+0000] {logging_mixin.py:190} INFO - 
==================================================
[2026-02-20T14:59:53.207+0000] {logging_mixin.py:190} INFO - 🤖 ENTRAÎNEMENT DES MODÈLES
[2026-02-20T14:59:53.208+0000] {logging_mixin.py:190} INFO - ==================================================
[2026-02-20T14:59:53.213+0000] {logging_mixin.py:190} INFO - 
🔧 Entraînement du modèle XGBoost...
[2026-02-20T14:59:55.533+0000] {logging_mixin.py:190} INFO - XGBRegressor :
[2026-02-20T14:59:55.552+0000] {logging_mixin.py:190} INFO - train : 0.9402282238006592
[2026-02-20T14:59:55.566+0000] {logging_mixin.py:190} INFO - test  : 0.5342777967453003
[2026-02-20T14:59:55.567+0000] {logging_mixin.py:190} INFO - Meilleurs paramètres XGBRegressor : {'subsample': 0.7, 'n_estimators': 180, 'max_depth': 7, 'learning_rate': 0.05, 'colsample_bytree': 0.7}
[2026-02-20T14:59:55.568+0000] {logging_mixin.py:190} INFO - 💾 Sauvegarde du modèle XGBoost...
[2026-02-20T14:59:55.695+0000] {logging_mixin.py:190} INFO - ✅ Modèle XGBoost sauvegardé: /opt/project/src/ml/models/xgb_model_revenue.joblib
[2026-02-20T14:59:55.696+0000] {logging_mixin.py:190} INFO - ✅ Métadonnées sauvegardées: /opt/project/src/ml/models/xgb_metadata_revenue.joblib
[2026-02-20T14:59:55.697+0000] {logging_mixin.py:190} INFO - 📊 Scores - Train: 0.9402, Test: 0.5343
[2026-02-20T14:59:55.697+0000] {logging_mixin.py:190} INFO - 🔧 Features: 218, Échantillons: 5392
[2026-02-20T14:59:55.909+0000] {logging_mixin.py:190} INFO - 
🎉 Tous les modèles ont été entraînés et sauvegardés avec succès pour revenue!
[2026-02-20T14:59:58.582+0000] {logging_mixin.py:190} INFO - 
==================================================
[2026-02-20T14:59:58.583+0000] {logging_mixin.py:190} INFO - 🎯 TRAITEMENT POUR LA VARIABLE CIBLE: POPULARITY
[2026-02-20T14:59:58.584+0000] {logging_mixin.py:190} INFO - ==================================================
[2026-02-20T14:59:58.585+0000] {logging_mixin.py:190} INFO - 🔍 Construction de la requête SQL...
[2026-02-20T14:59:58.585+0000] {logging_mixin.py:190} INFO - 📥 Chargement des données complètes...
[2026-02-20T14:59:58.586+0000] {logging_mixin.py:190} INFO - 🔗 Test de connexion à la base de données...
[2026-02-20T14:59:58.590+0000] {logging_mixin.py:190} INFO - ✅ Connexion PostgreSQL réussie!
[2026-02-20T15:02:08.922+0000] {logging_mixin.py:190} INFO - ✅ Données chargées avec succès. Shape: (10453616, 14)
[2026-02-20T15:02:08.924+0000] {logging_mixin.py:190} INFO - 🔧 Début du préprocessing des données...
[2026-02-20T15:02:13.194+0000] {logging_mixin.py:190} INFO - ✅ Préprocessing terminé! Shape final: X(5392, 218), y(5392,)
[2026-02-20T15:02:13.196+0000] {logging_mixin.py:190} INFO - 
==================================================
[2026-02-20T15:02:13.198+0000] {logging_mixin.py:190} INFO - 🤖 ENTRAÎNEMENT DES MODÈLES
[2026-02-20T15:02:13.200+0000] {logging_mixin.py:190} INFO - ==================================================
[2026-02-20T15:02:13.206+0000] {logging_mixin.py:190} INFO - 
🔧 Entraînement du modèle XGBoost...
[2026-02-20T15:02:15.305+0000] {logging_mixin.py:190} INFO - XGBRegressor :
[2026-02-20T15:02:15.326+0000] {logging_mixin.py:190} INFO - train : 0.920214831829071
[2026-02-20T15:02:15.340+0000] {logging_mixin.py:190} INFO - test  : 0.32098478078842163
[2026-02-20T15:02:15.342+0000] {logging_mixin.py:190} INFO - Meilleurs paramètres XGBRegressor : {'subsample': 0.7, 'n_estimators': 180, 'max_depth': 7, 'learning_rate': 0.05, 'colsample_bytree': 0.7}
[2026-02-20T15:02:15.343+0000] {logging_mixin.py:190} INFO - 💾 Sauvegarde du modèle XGBoost...
[2026-02-20T15:02:15.472+0000] {logging_mixin.py:190} INFO - ✅ Modèle XGBoost sauvegardé: /opt/project/src/ml/models/xgb_model_popularity.joblib
[2026-02-20T15:02:15.473+0000] {logging_mixin.py:190} INFO - ✅ Métadonnées sauvegardées: /opt/project/src/ml/models/xgb_metadata_popularity.joblib
[2026-02-20T15:02:15.474+0000] {logging_mixin.py:190} INFO - 📊 Scores - Train: 0.9202, Test: 0.3210
[2026-02-20T15:02:15.475+0000] {logging_mixin.py:190} INFO - 🔧 Features: 218, Échantillons: 5392
[2026-02-20T15:02:15.750+0000] {logging_mixin.py:190} INFO - 
🎉 Tous les modèles ont été entraînés et sauvegardés avec succès pour popularity!
[2026-02-20T15:02:18.498+0000] {logging_mixin.py:190} INFO - 
==================================================
[2026-02-20T15:02:18.499+0000] {logging_mixin.py:190} INFO - 🎯 TRAITEMENT POUR LA VARIABLE CIBLE: VOTE_AVERAGE
[2026-02-20T15:02:18.501+0000] {logging_mixin.py:190} INFO - ==================================================
[2026-02-20T15:02:18.502+0000] {logging_mixin.py:190} INFO - 🔍 Construction de la requête SQL...
[2026-02-20T15:02:18.505+0000] {logging_mixin.py:190} INFO - 📥 Chargement des données complètes...
[2026-02-20T15:02:18.506+0000] {logging_mixin.py:190} INFO - 🔗 Test de connexion à la base de données...
[2026-02-20T15:02:18.510+0000] {logging_mixin.py:190} INFO - ✅ Connexion PostgreSQL réussie!
[2026-02-20T15:04:26.060+0000] {logging_mixin.py:190} INFO - ✅ Données chargées avec succès. Shape: (10453616, 14)
[2026-02-20T15:04:26.062+0000] {logging_mixin.py:190} INFO - 🔧 Début du préprocessing des données...
[2026-02-20T15:04:30.880+0000] {logging_mixin.py:190} INFO - ✅ Préprocessing terminé! Shape final: X(5392, 218), y(5392,)
[2026-02-20T15:04:30.881+0000] {logging_mixin.py:190} INFO - 
==================================================
[2026-02-20T15:04:30.882+0000] {logging_mixin.py:190} INFO - 🤖 ENTRAÎNEMENT DES MODÈLES
[2026-02-20T15:04:30.883+0000] {logging_mixin.py:190} INFO - ==================================================
[2026-02-20T15:04:30.887+0000] {logging_mixin.py:190} INFO - 
🔧 Entraînement du modèle XGBoost...
[2026-02-20T15:04:32.968+0000] {logging_mixin.py:190} INFO - XGBRegressor :
[2026-02-20T15:04:32.983+0000] {logging_mixin.py:190} INFO - train : 0.4219439625740051
[2026-02-20T15:04:32.996+0000] {logging_mixin.py:190} INFO - test  : 0.31753790378570557
[2026-02-20T15:04:32.997+0000] {logging_mixin.py:190} INFO - Meilleurs paramètres XGBRegressor : {'subsample': 0.7, 'n_estimators': 180, 'max_depth': 3, 'learning_rate': 0.05, 'colsample_bytree': 0.7}
[2026-02-20T15:04:32.998+0000] {logging_mixin.py:190} INFO - 💾 Sauvegarde du modèle XGBoost...
[2026-02-20T15:04:33.092+0000] {logging_mixin.py:190} INFO - ✅ Modèle XGBoost sauvegardé: /opt/project/src/ml/models/xgb_model_vote_average.joblib
[2026-02-20T15:04:33.093+0000] {logging_mixin.py:190} INFO - ✅ Métadonnées sauvegardées: /opt/project/src/ml/models/xgb_metadata_vote_average.joblib
[2026-02-20T15:04:33.093+0000] {logging_mixin.py:190} INFO - 📊 Scores - Train: 0.4219, Test: 0.3175
[2026-02-20T15:04:33.094+0000] {logging_mixin.py:190} INFO - 🔧 Features: 218, Échantillons: 5392
[2026-02-20T15:04:33.341+0000] {logging_mixin.py:190} INFO - 
🎉 Tous les modèles ont été entraînés et sauvegardés avec succès pour vote_average!
[2026-02-20T15:04:36.162+0000] {logging_mixin.py:190} INFO - 
✅ Entrainement terminé pour toutes les variables cibles.
[2026-02-20T15:04:36.164+0000] {logging_mixin.py:190} INFO - 
⏱️ Temps total d'exécution du script: 418.44 secondes
[2026-02-20T15:04:36.164+0000] {python.py:240} INFO - Done. Returned value was: None
[2026-02-20T15:04:36.177+0000] {taskinstance.py:341} INFO - ::group::Post task execution logs
[2026-02-20T15:04:36.178+0000] {taskinstance.py:353} INFO - Marking task as SUCCESS. dag_id=db_and_model_update, task_id=run_xgb_model_update, run_id=manual__2026-02-20T14:42:59.320390+00:00, execution_date=20260220T144259, start_date=20260220T145735, end_date=20260220T150436
[2026-02-20T15:04:36.880+0000] {local_task_job_runner.py:266} INFO - Task exited with return code 0
[2026-02-20T15:04:36.903+0000] {taskinstance.py:3901} INFO - 0 downstream tasks scheduled from follow-on schedule check
[2026-02-20T15:04:36.908+0000] {local_task_job_runner.py:245} INFO - ::endgroup::
