[2026-02-24T13:37:52.416+0000] {local_task_job_runner.py:123} INFO - ::group::Pre task execution logs
[2026-02-24T13:37:52.431+0000] {taskinstance.py:2614} INFO - Dependencies all met for dep_context=non-requeueable deps ti=<TaskInstance: db_and_model_update.run_xgb_model_update scheduled__2026-02-16T14:00:00+00:00 [queued]>
[2026-02-24T13:37:52.436+0000] {taskinstance.py:2614} INFO - Dependencies all met for dep_context=requeueable deps ti=<TaskInstance: db_and_model_update.run_xgb_model_update scheduled__2026-02-16T14:00:00+00:00 [queued]>
[2026-02-24T13:37:52.437+0000] {taskinstance.py:2867} INFO - Starting attempt 1 of 1
[2026-02-24T13:37:52.444+0000] {taskinstance.py:2890} INFO - Executing <Task(PythonOperator): run_xgb_model_update> on 2026-02-16 14:00:00+00:00
[2026-02-24T13:37:52.449+0000] {standard_task_runner.py:72} INFO - Started process 402 to run task
[2026-02-24T13:37:52.451+0000] {standard_task_runner.py:104} INFO - Running: ['***', 'tasks', 'run', 'db_and_model_update', 'run_xgb_model_update', 'scheduled__2026-02-16T14:00:00+00:00', '--job-id', '6', '--raw', '--subdir', 'DAGS_FOLDER/db_and_model_update_dag.py', '--cfg-path', '/tmp/tmptbvpgj0t']
[2026-02-24T13:37:52.453+0000] {standard_task_runner.py:105} INFO - Job 6: Subtask run_xgb_model_update
[2026-02-24T13:37:52.499+0000] {task_command.py:467} INFO - Running <TaskInstance: db_and_model_update.run_xgb_model_update scheduled__2026-02-16T14:00:00+00:00 [running]> on host 5f1c52170570
[2026-02-24T13:37:52.557+0000] {taskinstance.py:3134} INFO - Exporting env vars: AIRFLOW_CTX_DAG_OWNER='***' AIRFLOW_CTX_DAG_ID='db_and_model_update' AIRFLOW_CTX_TASK_ID='run_xgb_model_update' AIRFLOW_CTX_EXECUTION_DATE='2026-02-16T14:00:00+00:00' AIRFLOW_CTX_TRY_NUMBER='1' AIRFLOW_CTX_DAG_RUN_ID='scheduled__2026-02-16T14:00:00+00:00'
[2026-02-24T13:37:52.558+0000] {taskinstance.py:732} INFO - ::endgroup::
[2026-02-24T13:37:53.332+0000] {logging_mixin.py:190} INFO - 🔌 Connexion à la base de données...
[2026-02-24T13:37:53.368+0000] {logging_mixin.py:190} INFO - ✅ Connexion réussie!
[2026-02-24T13:37:53.368+0000] {logging_mixin.py:190} INFO - 
==================================================
[2026-02-24T13:37:53.369+0000] {logging_mixin.py:190} INFO - 🎯 TRAITEMENT POUR LA VARIABLE CIBLE: REVENUE
[2026-02-24T13:37:53.370+0000] {logging_mixin.py:190} INFO - ==================================================
[2026-02-24T13:37:53.370+0000] {logging_mixin.py:190} INFO - 🔍 Construction de la requête SQL...
[2026-02-24T13:37:53.371+0000] {logging_mixin.py:190} INFO - 📥 Chargement des données complètes...
[2026-02-24T13:37:53.372+0000] {logging_mixin.py:190} INFO - 🔗 Test de connexion à la base de données...
[2026-02-24T13:37:53.373+0000] {logging_mixin.py:190} INFO - ✅ Connexion PostgreSQL réussie!
[2026-02-24T13:38:28.163+0000] {logging_mixin.py:190} INFO - ✅ Données chargées avec succès. Shape: (2375557, 14)
[2026-02-24T13:38:28.164+0000] {logging_mixin.py:190} INFO - 🔧 Début du préprocessing des données...
[2026-02-24T13:38:28.651+0000] {logging_mixin.py:190} INFO - ✅ Préprocessing terminé! Shape final: X(984, 200), y(984,)
[2026-02-24T13:38:28.652+0000] {logging_mixin.py:190} INFO - 
==================================================
[2026-02-24T13:38:28.652+0000] {logging_mixin.py:190} INFO - 🤖 ENTRAÎNEMENT DU MODÈLE XGBOOST
[2026-02-24T13:38:28.653+0000] {logging_mixin.py:190} INFO - ==================================================
[2026-02-24T13:38:28.657+0000] {logging_mixin.py:190} INFO - 
🔧 Entraînement du modèle XGBoost...
[2026-02-24T13:38:29.335+0000] {logging_mixin.py:190} INFO - XGBRegressor :
[2026-02-24T13:38:29.339+0000] {logging_mixin.py:190} INFO - train : 0.8705428242683411
[2026-02-24T13:38:29.344+0000] {logging_mixin.py:190} INFO - test  : 0.5242067575454712
[2026-02-24T13:38:29.345+0000] {logging_mixin.py:190} INFO - Meilleurs paramètres XGBRegressor : {'subsample': 0.7, 'n_estimators': 180, 'max_depth': 3, 'learning_rate': 0.05, 'colsample_bytree': 0.7}
[2026-02-24T13:38:29.345+0000] {logging_mixin.py:190} INFO - 💾 Sauvegarde du modèle XGBoost...
[2026-02-24T13:38:29.390+0000] {logging_mixin.py:190} INFO - ✅ Modèle XGBoost sauvegardé: /opt/project/src/ml/models/xgb_model_revenue.joblib
[2026-02-24T13:38:29.391+0000] {logging_mixin.py:190} INFO - ✅ Métadonnées sauvegardées: /opt/project/src/ml/models/xgb_metadata_revenue.joblib
[2026-02-24T13:38:29.391+0000] {logging_mixin.py:190} INFO - 📊 Scores - Train: 0.8705, Test: 0.5242
[2026-02-24T13:38:29.392+0000] {logging_mixin.py:190} INFO - 🔧 Features: 200, Échantillons: 984
[2026-02-24T13:38:29.458+0000] {logging_mixin.py:190} INFO - 
🎉 Entrainement terminé et sauvegardés avec succès pour revenue!
[2026-02-24T13:38:29.895+0000] {logging_mixin.py:190} INFO - 
==================================================
[2026-02-24T13:38:29.896+0000] {logging_mixin.py:190} INFO - 🎯 TRAITEMENT POUR LA VARIABLE CIBLE: POPULARITY
[2026-02-24T13:38:29.896+0000] {logging_mixin.py:190} INFO - ==================================================
[2026-02-24T13:38:29.897+0000] {logging_mixin.py:190} INFO - 🔍 Construction de la requête SQL...
[2026-02-24T13:38:29.898+0000] {logging_mixin.py:190} INFO - 📥 Chargement des données complètes...
[2026-02-24T13:38:29.898+0000] {logging_mixin.py:190} INFO - 🔗 Test de connexion à la base de données...
[2026-02-24T13:38:29.900+0000] {logging_mixin.py:190} INFO - ✅ Connexion PostgreSQL réussie!
[2026-02-24T13:39:05.371+0000] {logging_mixin.py:190} INFO - ✅ Données chargées avec succès. Shape: (2375557, 14)
[2026-02-24T13:39:05.372+0000] {logging_mixin.py:190} INFO - 🔧 Début du préprocessing des données...
[2026-02-24T13:39:05.862+0000] {logging_mixin.py:190} INFO - ✅ Préprocessing terminé! Shape final: X(984, 200), y(984,)
[2026-02-24T13:39:05.863+0000] {logging_mixin.py:190} INFO - 
==================================================
[2026-02-24T13:39:05.863+0000] {logging_mixin.py:190} INFO - 🤖 ENTRAÎNEMENT DU MODÈLE XGBOOST
[2026-02-24T13:39:05.864+0000] {logging_mixin.py:190} INFO - ==================================================
[2026-02-24T13:39:05.868+0000] {logging_mixin.py:190} INFO - 
🔧 Entraînement du modèle XGBoost...
[2026-02-24T13:39:06.534+0000] {logging_mixin.py:190} INFO - XGBRegressor :
[2026-02-24T13:39:06.539+0000] {logging_mixin.py:190} INFO - train : 0.8400420546531677
[2026-02-24T13:39:06.544+0000] {logging_mixin.py:190} INFO - test  : 0.19595927000045776
[2026-02-24T13:39:06.544+0000] {logging_mixin.py:190} INFO - Meilleurs paramètres XGBRegressor : {'subsample': 0.7, 'n_estimators': 180, 'max_depth': 3, 'learning_rate': 0.05, 'colsample_bytree': 0.7}
[2026-02-24T13:39:06.545+0000] {logging_mixin.py:190} INFO - 💾 Sauvegarde du modèle XGBoost...
[2026-02-24T13:39:06.600+0000] {logging_mixin.py:190} INFO - ✅ Modèle XGBoost sauvegardé: /opt/project/src/ml/models/xgb_model_popularity.joblib
[2026-02-24T13:39:06.601+0000] {logging_mixin.py:190} INFO - ✅ Métadonnées sauvegardées: /opt/project/src/ml/models/xgb_metadata_popularity.joblib
[2026-02-24T13:39:06.601+0000] {logging_mixin.py:190} INFO - 📊 Scores - Train: 0.8400, Test: 0.1960
[2026-02-24T13:39:06.602+0000] {logging_mixin.py:190} INFO - 🔧 Features: 200, Échantillons: 984
[2026-02-24T13:39:06.682+0000] {logging_mixin.py:190} INFO - 
🎉 Entrainement terminé et sauvegardés avec succès pour popularity!
[2026-02-24T13:39:07.141+0000] {logging_mixin.py:190} INFO - 
==================================================
[2026-02-24T13:39:07.142+0000] {logging_mixin.py:190} INFO - 🎯 TRAITEMENT POUR LA VARIABLE CIBLE: VOTE_AVERAGE
[2026-02-24T13:39:07.143+0000] {logging_mixin.py:190} INFO - ==================================================
[2026-02-24T13:39:07.143+0000] {logging_mixin.py:190} INFO - 🔍 Construction de la requête SQL...
[2026-02-24T13:39:07.144+0000] {logging_mixin.py:190} INFO - 📥 Chargement des données complètes...
[2026-02-24T13:39:07.145+0000] {logging_mixin.py:190} INFO - 🔗 Test de connexion à la base de données...
[2026-02-24T13:39:07.147+0000] {logging_mixin.py:190} INFO - ✅ Connexion PostgreSQL réussie!
[2026-02-24T13:39:41.963+0000] {logging_mixin.py:190} INFO - ✅ Données chargées avec succès. Shape: (2375557, 14)
[2026-02-24T13:39:41.964+0000] {logging_mixin.py:190} INFO - 🔧 Début du préprocessing des données...
[2026-02-24T13:39:42.460+0000] {logging_mixin.py:190} INFO - ✅ Préprocessing terminé! Shape final: X(984, 200), y(984,)
[2026-02-24T13:39:42.461+0000] {logging_mixin.py:190} INFO - 
==================================================
[2026-02-24T13:39:42.462+0000] {logging_mixin.py:190} INFO - 🤖 ENTRAÎNEMENT DU MODÈLE XGBOOST
[2026-02-24T13:39:42.463+0000] {logging_mixin.py:190} INFO - ==================================================
[2026-02-24T13:39:42.467+0000] {logging_mixin.py:190} INFO - 
🔧 Entraînement du modèle XGBoost...
[2026-02-24T13:39:43.148+0000] {logging_mixin.py:190} INFO - XGBRegressor :
[2026-02-24T13:39:43.152+0000] {logging_mixin.py:190} INFO - train : 0.587547242641449
[2026-02-24T13:39:43.158+0000] {logging_mixin.py:190} INFO - test  : 0.2601359486579895
[2026-02-24T13:39:43.158+0000] {logging_mixin.py:190} INFO - Meilleurs paramètres XGBRegressor : {'subsample': 0.7, 'n_estimators': 180, 'max_depth': 3, 'learning_rate': 0.05, 'colsample_bytree': 0.7}
[2026-02-24T13:39:43.159+0000] {logging_mixin.py:190} INFO - 💾 Sauvegarde du modèle XGBoost...
[2026-02-24T13:39:43.203+0000] {logging_mixin.py:190} INFO - ✅ Modèle XGBoost sauvegardé: /opt/project/src/ml/models/xgb_model_vote_average.joblib
[2026-02-24T13:39:43.204+0000] {logging_mixin.py:190} INFO - ✅ Métadonnées sauvegardées: /opt/project/src/ml/models/xgb_metadata_vote_average.joblib
[2026-02-24T13:39:43.205+0000] {logging_mixin.py:190} INFO - 📊 Scores - Train: 0.5875, Test: 0.2601
[2026-02-24T13:39:43.205+0000] {logging_mixin.py:190} INFO - 🔧 Features: 200, Échantillons: 984
[2026-02-24T13:39:43.266+0000] {logging_mixin.py:190} INFO - 
🎉 Entrainement terminé et sauvegardés avec succès pour vote_average!
[2026-02-24T13:39:43.721+0000] {logging_mixin.py:190} INFO - 
✅ Entrainement terminé pour toutes les variables cibles.
[2026-02-24T13:39:43.722+0000] {logging_mixin.py:190} INFO - 
⏱️ Temps total d'exécution du script: 110.39 secondes
[2026-02-24T13:39:43.723+0000] {python.py:240} INFO - Done. Returned value was: None
[2026-02-24T13:39:43.731+0000] {taskinstance.py:341} INFO - ::group::Post task execution logs
[2026-02-24T13:39:43.732+0000] {taskinstance.py:353} INFO - Marking task as SUCCESS. dag_id=db_and_model_update, task_id=run_xgb_model_update, run_id=scheduled__2026-02-16T14:00:00+00:00, execution_date=20260216T140000, start_date=20260224T133752, end_date=20260224T133943
[2026-02-24T13:39:43.866+0000] {local_task_job_runner.py:266} INFO - Task exited with return code 0
[2026-02-24T13:39:43.876+0000] {taskinstance.py:3901} INFO - 0 downstream tasks scheduled from follow-on schedule check
[2026-02-24T13:39:43.878+0000] {local_task_job_runner.py:245} INFO - ::endgroup::
