[2026-02-28T21:14:27.843+0000] {local_task_job_runner.py:123} INFO - ::group::Pre task execution logs
[2026-02-28T21:14:27.854+0000] {taskinstance.py:2614} INFO - Dependencies all met for dep_context=non-requeueable deps ti=<TaskInstance: db_and_model_update.run_lr_model_update manual__2026-02-28T21:14:25+00:00 [queued]>
[2026-02-28T21:14:27.860+0000] {taskinstance.py:2614} INFO - Dependencies all met for dep_context=requeueable deps ti=<TaskInstance: db_and_model_update.run_lr_model_update manual__2026-02-28T21:14:25+00:00 [queued]>
[2026-02-28T21:14:27.861+0000] {taskinstance.py:2867} INFO - Starting attempt 1 of 1
[2026-02-28T21:14:27.867+0000] {taskinstance.py:2890} INFO - Executing <Task(PythonOperator): run_lr_model_update> on 2026-02-28 21:14:25+00:00
[2026-02-28T21:14:27.872+0000] {standard_task_runner.py:72} INFO - Started process 2569 to run task
[2026-02-28T21:14:27.874+0000] {standard_task_runner.py:104} INFO - Running: ['***', 'tasks', 'run', 'db_and_model_update', 'run_lr_model_update', 'manual__2026-02-28T21:14:25+00:00', '--job-id', '18', '--raw', '--subdir', 'DAGS_FOLDER/db_and_model_update_dag.py', '--cfg-path', '/tmp/tmpykdrmpd9']
[2026-02-28T21:14:27.876+0000] {standard_task_runner.py:105} INFO - Job 18: Subtask run_lr_model_update
[2026-02-28T21:14:27.917+0000] {task_command.py:467} INFO - Running <TaskInstance: db_and_model_update.run_lr_model_update manual__2026-02-28T21:14:25+00:00 [running]> on host 5f1c52170570
[2026-02-28T21:14:27.976+0000] {taskinstance.py:3134} INFO - Exporting env vars: AIRFLOW_CTX_DAG_OWNER='***' AIRFLOW_CTX_DAG_ID='db_and_model_update' AIRFLOW_CTX_TASK_ID='run_lr_model_update' AIRFLOW_CTX_EXECUTION_DATE='2026-02-28T21:14:25+00:00' AIRFLOW_CTX_TRY_NUMBER='1' AIRFLOW_CTX_DAG_RUN_ID='manual__2026-02-28T21:14:25+00:00'
[2026-02-28T21:14:27.977+0000] {taskinstance.py:732} INFO - ::endgroup::
[2026-02-28T21:14:29.085+0000] {logging_mixin.py:190} INFO - 🔌 Connexion à la base de données...
[2026-02-28T21:14:29.120+0000] {logging_mixin.py:190} INFO - ✅ Connexion réussie!
[2026-02-28T21:14:29.120+0000] {logging_mixin.py:190} INFO - 
==================================================
[2026-02-28T21:14:29.121+0000] {logging_mixin.py:190} INFO - 🎯 TRAITEMENT POUR LA VARIABLE CIBLE: REVENUE
[2026-02-28T21:14:29.122+0000] {logging_mixin.py:190} INFO - ==================================================
[2026-02-28T21:14:29.122+0000] {logging_mixin.py:190} INFO - 🔍 Construction de la requête SQL...
[2026-02-28T21:14:29.123+0000] {logging_mixin.py:190} INFO - 📥 Chargement des données complètes...
[2026-02-28T21:14:29.123+0000] {logging_mixin.py:190} INFO - 🔗 Test de connexion à la base de données...
[2026-02-28T21:14:29.125+0000] {logging_mixin.py:190} INFO - ✅ Connexion PostgreSQL réussie!
[2026-02-28T21:15:13.026+0000] {logging_mixin.py:190} INFO - ✅ Données chargées avec succès. Shape: (2982232, 14)
[2026-02-28T21:15:13.027+0000] {logging_mixin.py:190} INFO - 🔧 Début du préprocessing des données...
[2026-02-28T21:15:13.705+0000] {logging_mixin.py:190} INFO - ✅ Préprocessing terminé! Shape final: X(1212, 201), y(1212,)
[2026-02-28T21:15:13.706+0000] {logging_mixin.py:190} INFO - 
==================================================
[2026-02-28T21:15:13.707+0000] {logging_mixin.py:190} INFO - 🤖 ENTRAÎNEMENT DU MODÈLE LINEARREGRESSION
[2026-02-28T21:15:13.708+0000] {logging_mixin.py:190} INFO - ==================================================
[2026-02-28T21:15:13.713+0000] {logging_mixin.py:190} INFO - 
🔧 Entraînement du modèle LinearRegression...
[2026-02-28T21:15:14.018+0000] {logging_mixin.py:190} INFO - LinearRegression :
[2026-02-28T21:15:14.032+0000] {logging_mixin.py:190} INFO - train : 0.6728920340538025
[2026-02-28T21:15:14.035+0000] {logging_mixin.py:190} INFO - test  : 0.5730599164962769
[2026-02-28T21:15:14.036+0000] {logging_mixin.py:190} INFO - 💾 Sauvegarde du modèle LinearRegression...
[2026-02-28T21:15:14.087+0000] {logging_mixin.py:190} INFO - ✅ Modèle LinearRegression sauvegardé: /opt/project/src/ml/models/lr_model_revenue.joblib
[2026-02-28T21:15:14.088+0000] {logging_mixin.py:190} INFO - ✅ Métadonnées sauvegardées: /opt/project/src/ml/models/lr_metadata_revenue.joblib
[2026-02-28T21:15:14.088+0000] {logging_mixin.py:190} INFO - 📊 Scores - Train: 0.6729, Test: 0.5731
[2026-02-28T21:15:14.089+0000] {logging_mixin.py:190} INFO - 🔧 Features: 201, Échantillons: 1212
[2026-02-28T21:15:14.187+0000] {logging_mixin.py:190} INFO - 
🎉 Entrainement terminé et sauvegardés avec succès pour revenue!
[2026-02-28T21:15:14.768+0000] {logging_mixin.py:190} INFO - 
==================================================
[2026-02-28T21:15:14.769+0000] {logging_mixin.py:190} INFO - 🎯 TRAITEMENT POUR LA VARIABLE CIBLE: POPULARITY
[2026-02-28T21:15:14.769+0000] {logging_mixin.py:190} INFO - ==================================================
[2026-02-28T21:15:14.770+0000] {logging_mixin.py:190} INFO - 🔍 Construction de la requête SQL...
[2026-02-28T21:15:14.771+0000] {logging_mixin.py:190} INFO - 📥 Chargement des données complètes...
[2026-02-28T21:15:14.771+0000] {logging_mixin.py:190} INFO - 🔗 Test de connexion à la base de données...
[2026-02-28T21:15:14.773+0000] {logging_mixin.py:190} INFO - ✅ Connexion PostgreSQL réussie!
[2026-02-28T21:15:57.327+0000] {logging_mixin.py:190} INFO - ✅ Données chargées avec succès. Shape: (2982232, 14)
[2026-02-28T21:15:57.328+0000] {logging_mixin.py:190} INFO - 🔧 Début du préprocessing des données...
[2026-02-28T21:15:57.978+0000] {logging_mixin.py:190} INFO - ✅ Préprocessing terminé! Shape final: X(1212, 201), y(1212,)
[2026-02-28T21:15:57.979+0000] {logging_mixin.py:190} INFO - 
==================================================
[2026-02-28T21:15:57.979+0000] {logging_mixin.py:190} INFO - 🤖 ENTRAÎNEMENT DU MODÈLE LINEARREGRESSION
[2026-02-28T21:15:57.980+0000] {logging_mixin.py:190} INFO - ==================================================
[2026-02-28T21:15:57.984+0000] {logging_mixin.py:190} INFO - 
🔧 Entraînement du modèle LinearRegression...
[2026-02-28T21:15:58.009+0000] {logging_mixin.py:190} INFO - LinearRegression :
[2026-02-28T21:15:58.017+0000] {logging_mixin.py:190} INFO - train : 0.3199211359024048
[2026-02-28T21:15:58.026+0000] {logging_mixin.py:190} INFO - test  : -0.4492053985595703
[2026-02-28T21:15:58.027+0000] {logging_mixin.py:190} INFO - 💾 Sauvegarde du modèle LinearRegression...
[2026-02-28T21:15:58.080+0000] {logging_mixin.py:190} INFO - ✅ Modèle LinearRegression sauvegardé: /opt/project/src/ml/models/lr_model_popularity.joblib
[2026-02-28T21:15:58.082+0000] {logging_mixin.py:190} INFO - ✅ Métadonnées sauvegardées: /opt/project/src/ml/models/lr_metadata_popularity.joblib
[2026-02-28T21:15:58.082+0000] {logging_mixin.py:190} INFO - 📊 Scores - Train: 0.3199, Test: -0.4492
[2026-02-28T21:15:58.083+0000] {logging_mixin.py:190} INFO - 🔧 Features: 201, Échantillons: 1212
[2026-02-28T21:15:58.190+0000] {logging_mixin.py:190} INFO - 
🎉 Entrainement terminé et sauvegardés avec succès pour popularity!
[2026-02-28T21:15:58.803+0000] {logging_mixin.py:190} INFO - 
==================================================
[2026-02-28T21:15:58.804+0000] {logging_mixin.py:190} INFO - 🎯 TRAITEMENT POUR LA VARIABLE CIBLE: VOTE_AVERAGE
[2026-02-28T21:15:58.805+0000] {logging_mixin.py:190} INFO - ==================================================
[2026-02-28T21:15:58.806+0000] {logging_mixin.py:190} INFO - 🔍 Construction de la requête SQL...
[2026-02-28T21:15:58.807+0000] {logging_mixin.py:190} INFO - 📥 Chargement des données complètes...
[2026-02-28T21:15:58.807+0000] {logging_mixin.py:190} INFO - 🔗 Test de connexion à la base de données...
[2026-02-28T21:15:58.809+0000] {logging_mixin.py:190} INFO - ✅ Connexion PostgreSQL réussie!
[2026-02-28T21:16:40.903+0000] {logging_mixin.py:190} INFO - ✅ Données chargées avec succès. Shape: (2982232, 14)
[2026-02-28T21:16:40.904+0000] {logging_mixin.py:190} INFO - 🔧 Début du préprocessing des données...
[2026-02-28T21:16:41.543+0000] {logging_mixin.py:190} INFO - ✅ Préprocessing terminé! Shape final: X(1212, 201), y(1212,)
[2026-02-28T21:16:41.544+0000] {logging_mixin.py:190} INFO - 
==================================================
[2026-02-28T21:16:41.545+0000] {logging_mixin.py:190} INFO - 🤖 ENTRAÎNEMENT DU MODÈLE LINEARREGRESSION
[2026-02-28T21:16:41.545+0000] {logging_mixin.py:190} INFO - ==================================================
[2026-02-28T21:16:41.549+0000] {logging_mixin.py:190} INFO - 
🔧 Entraînement du modèle LinearRegression...
[2026-02-28T21:16:41.567+0000] {logging_mixin.py:190} INFO - LinearRegression :
[2026-02-28T21:16:41.578+0000] {logging_mixin.py:190} INFO - train : 0.4569493532180786
[2026-02-28T21:16:41.586+0000] {logging_mixin.py:190} INFO - test  : 0.26493018865585327
[2026-02-28T21:16:41.587+0000] {logging_mixin.py:190} INFO - 💾 Sauvegarde du modèle LinearRegression...
[2026-02-28T21:16:41.636+0000] {logging_mixin.py:190} INFO - ✅ Modèle LinearRegression sauvegardé: /opt/project/src/ml/models/lr_model_vote_average.joblib
[2026-02-28T21:16:41.639+0000] {logging_mixin.py:190} INFO - ✅ Métadonnées sauvegardées: /opt/project/src/ml/models/lr_metadata_vote_average.joblib
[2026-02-28T21:16:41.641+0000] {logging_mixin.py:190} INFO - 📊 Scores - Train: 0.4569, Test: 0.2649
[2026-02-28T21:16:41.642+0000] {logging_mixin.py:190} INFO - 🔧 Features: 201, Échantillons: 1212
[2026-02-28T21:16:41.732+0000] {logging_mixin.py:190} INFO - 
🎉 Entrainement terminé et sauvegardés avec succès pour vote_average!
[2026-02-28T21:16:42.308+0000] {logging_mixin.py:190} INFO - 
✅ Entrainement terminé pour toutes les variables cibles.
[2026-02-28T21:16:42.309+0000] {logging_mixin.py:190} INFO - 
⏱️ Temps total d'exécution du script: 133.22 secondes
[2026-02-28T21:16:42.310+0000] {python.py:240} INFO - Done. Returned value was: None
[2026-02-28T21:16:42.318+0000] {taskinstance.py:341} INFO - ::group::Post task execution logs
[2026-02-28T21:16:42.319+0000] {taskinstance.py:353} INFO - Marking task as SUCCESS. dag_id=db_and_model_update, task_id=run_lr_model_update, run_id=manual__2026-02-28T21:14:25+00:00, execution_date=20260228T211425, start_date=20260228T211427, end_date=20260228T211642
[2026-02-28T21:16:42.468+0000] {local_task_job_runner.py:266} INFO - Task exited with return code 0
[2026-02-28T21:16:42.482+0000] {taskinstance.py:3901} INFO - 0 downstream tasks scheduled from follow-on schedule check
[2026-02-28T21:16:42.483+0000] {local_task_job_runner.py:245} INFO - ::endgroup::
