[2026-02-20T14:43:00.629+0000] {local_task_job_runner.py:123} INFO - ::group::Pre task execution logs
[2026-02-20T14:43:00.650+0000] {taskinstance.py:2614} INFO - Dependencies all met for dep_context=non-requeueable deps ti=<TaskInstance: db_and_model_update.run_db_update manual__2026-02-20T14:42:59.320390+00:00 [queued]>
[2026-02-20T14:43:00.657+0000] {taskinstance.py:2614} INFO - Dependencies all met for dep_context=requeueable deps ti=<TaskInstance: db_and_model_update.run_db_update manual__2026-02-20T14:42:59.320390+00:00 [queued]>
[2026-02-20T14:43:00.659+0000] {taskinstance.py:2867} INFO - Starting attempt 1 of 3
[2026-02-20T14:43:00.672+0000] {taskinstance.py:2890} INFO - Executing <Task(BashOperator): run_db_update> on 2026-02-20 14:42:59.320390+00:00
[2026-02-20T14:43:00.679+0000] {standard_task_runner.py:72} INFO - Started process 831 to run task
[2026-02-20T14:43:00.683+0000] {standard_task_runner.py:104} INFO - Running: ['***', 'tasks', 'run', 'db_and_model_update', 'run_db_update', 'manual__2026-02-20T14:42:59.320390+00:00', '--job-id', '80', '--raw', '--subdir', 'DAGS_FOLDER/db_and_model_update_dag.py', '--cfg-path', '/tmp/tmpwofs7yyw']
[2026-02-20T14:43:00.687+0000] {standard_task_runner.py:105} INFO - Job 80: Subtask run_db_update
[2026-02-20T14:43:00.761+0000] {task_command.py:467} INFO - Running <TaskInstance: db_and_model_update.run_db_update manual__2026-02-20T14:42:59.320390+00:00 [running]> on host 5a32e08586f8
[2026-02-20T14:43:00.871+0000] {taskinstance.py:3134} INFO - Exporting env vars: AIRFLOW_CTX_DAG_OWNER='***' AIRFLOW_CTX_DAG_ID='db_and_model_update' AIRFLOW_CTX_TASK_ID='run_db_update' AIRFLOW_CTX_EXECUTION_DATE='2026-02-20T14:42:59.320390+00:00' AIRFLOW_CTX_TRY_NUMBER='1' AIRFLOW_CTX_DAG_RUN_ID='manual__2026-02-20T14:42:59.320390+00:00'
[2026-02-20T14:43:00.873+0000] {taskinstance.py:732} INFO - ::endgroup::
[2026-02-20T14:43:00.887+0000] {subprocess.py:78} INFO - Tmp dir root location: /tmp
[2026-02-20T14:43:00.890+0000] {subprocess.py:88} INFO - Running command: ['/usr/bin/bash', '-c', 'python /opt/project/src/ingestion/main_update_postgres.py']
[2026-02-20T14:43:00.905+0000] {subprocess.py:99} INFO - Output:
[2026-02-20T14:43:02.705+0000] {subprocess.py:106} INFO - 🔌 Connexion à la base de données...
[2026-02-20T14:43:02.707+0000] {subprocess.py:106} INFO - ✅ Connexion réussie!
[2026-02-20T14:43:02.708+0000] {subprocess.py:106} INFO - Démarrage de l'ingestion des données depuis l'API TMDB...
[2026-02-20T14:43:02.708+0000] {subprocess.py:106} INFO - ✅ Mise à jour des genres terminée. 19 genres insérés ou mis à jour dans la base de données.
[2026-02-20T14:43:02.709+0000] {subprocess.py:106} INFO - 🕦 Temps d'exécution : 0.00 minutes
[2026-02-20T14:43:02.877+0000] {subprocess.py:110} INFO - Command exited with return code 0
[2026-02-20T14:43:02.910+0000] {taskinstance.py:341} INFO - ::group::Post task execution logs
[2026-02-20T14:43:02.911+0000] {taskinstance.py:353} INFO - Marking task as SUCCESS. dag_id=db_and_model_update, task_id=run_db_update, run_id=manual__2026-02-20T14:42:59.320390+00:00, execution_date=20260220T144259, start_date=20260220T144300, end_date=20260220T144302
[2026-02-20T14:43:02.991+0000] {local_task_job_runner.py:266} INFO - Task exited with return code 0
[2026-02-20T14:43:03.026+0000] {taskinstance.py:3901} INFO - 1 downstream tasks scheduled from follow-on schedule check
[2026-02-20T14:43:03.032+0000] {local_task_job_runner.py:245} INFO - ::endgroup::
