[2026-02-28T21:16:43.789+0000] {local_task_job_runner.py:123} INFO - ::group::Pre task execution logs
[2026-02-28T21:16:43.803+0000] {taskinstance.py:2614} INFO - Dependencies all met for dep_context=non-requeueable deps ti=<TaskInstance: db_and_model_update.run_rf_model_update manual__2026-02-28T21:14:25+00:00 [queued]>
[2026-02-28T21:16:43.808+0000] {taskinstance.py:2614} INFO - Dependencies all met for dep_context=requeueable deps ti=<TaskInstance: db_and_model_update.run_rf_model_update manual__2026-02-28T21:14:25+00:00 [queued]>
[2026-02-28T21:16:43.809+0000] {taskinstance.py:2867} INFO - Starting attempt 1 of 1
[2026-02-28T21:16:43.816+0000] {taskinstance.py:2890} INFO - Executing <Task(PythonOperator): run_rf_model_update> on 2026-02-28 21:14:25+00:00
[2026-02-28T21:16:43.821+0000] {standard_task_runner.py:72} INFO - Started process 2654 to run task
[2026-02-28T21:16:43.824+0000] {standard_task_runner.py:104} INFO - Running: ['***', 'tasks', 'run', 'db_and_model_update', 'run_rf_model_update', 'manual__2026-02-28T21:14:25+00:00', '--job-id', '19', '--raw', '--subdir', 'DAGS_FOLDER/db_and_model_update_dag.py', '--cfg-path', '/tmp/tmpq0n6o82e']
[2026-02-28T21:16:43.826+0000] {standard_task_runner.py:105} INFO - Job 19: Subtask run_rf_model_update
[2026-02-28T21:16:43.872+0000] {task_command.py:467} INFO - Running <TaskInstance: db_and_model_update.run_rf_model_update manual__2026-02-28T21:14:25+00:00 [running]> on host 5f1c52170570
[2026-02-28T21:16:43.936+0000] {taskinstance.py:3134} INFO - Exporting env vars: AIRFLOW_CTX_DAG_OWNER='***' AIRFLOW_CTX_DAG_ID='db_and_model_update' AIRFLOW_CTX_TASK_ID='run_rf_model_update' AIRFLOW_CTX_EXECUTION_DATE='2026-02-28T21:14:25+00:00' AIRFLOW_CTX_TRY_NUMBER='1' AIRFLOW_CTX_DAG_RUN_ID='manual__2026-02-28T21:14:25+00:00'
[2026-02-28T21:16:43.937+0000] {taskinstance.py:732} INFO - ::endgroup::
[2026-02-28T21:16:44.741+0000] {logging_mixin.py:190} INFO - 🔌 Connexion à la base de données...
[2026-02-28T21:16:44.777+0000] {logging_mixin.py:190} INFO - ✅ Connexion réussie!
[2026-02-28T21:16:44.778+0000] {logging_mixin.py:190} INFO - 
==================================================
[2026-02-28T21:16:44.778+0000] {logging_mixin.py:190} INFO - 🎯 TRAITEMENT POUR LA VARIABLE CIBLE: REVENUE
[2026-02-28T21:16:44.779+0000] {logging_mixin.py:190} INFO - ==================================================
[2026-02-28T21:16:44.779+0000] {logging_mixin.py:190} INFO - 🔍 Construction de la requête SQL...
[2026-02-28T21:16:44.780+0000] {logging_mixin.py:190} INFO - 📥 Chargement des données complètes...
[2026-02-28T21:16:44.781+0000] {logging_mixin.py:190} INFO - 🔗 Test de connexion à la base de données...
[2026-02-28T21:16:44.782+0000] {logging_mixin.py:190} INFO - ✅ Connexion PostgreSQL réussie!
[2026-02-28T21:17:28.167+0000] {logging_mixin.py:190} INFO - ✅ Données chargées avec succès. Shape: (2982232, 14)
[2026-02-28T21:17:28.168+0000] {logging_mixin.py:190} INFO - 🔧 Début du préprocessing des données...
[2026-02-28T21:17:28.798+0000] {logging_mixin.py:190} INFO - ✅ Préprocessing terminé! Shape final: X(1212, 201), y(1212,)
[2026-02-28T21:17:28.799+0000] {logging_mixin.py:190} INFO - 
==================================================
[2026-02-28T21:17:28.799+0000] {logging_mixin.py:190} INFO - 🤖 ENTRAÎNEMENT DU MODÈLE RANDOMFOREST
[2026-02-28T21:17:28.800+0000] {logging_mixin.py:190} INFO - ==================================================
[2026-02-28T21:17:28.804+0000] {logging_mixin.py:190} INFO - 
🔧 Entraînement du modèle RandomForest...
[2026-02-28T21:17:28.964+0000] {logging_mixin.py:190} INFO - RandomForest :
[2026-02-28T21:17:28.973+0000] {logging_mixin.py:190} INFO - train : 0.7196335982975254
[2026-02-28T21:17:28.979+0000] {logging_mixin.py:190} INFO - test  : 0.47278209333867993
[2026-02-28T21:17:28.980+0000] {logging_mixin.py:190} INFO - 💾 Sauvegarde du modèle RandomForest...
[2026-02-28T21:17:29.122+0000] {logging_mixin.py:190} INFO - ✅ Modèle RandomForest sauvegardé: /opt/project/src/ml/models/rf_model_revenue.joblib
[2026-02-28T21:17:29.123+0000] {logging_mixin.py:190} INFO - ✅ Métadonnées sauvegardées: /opt/project/src/ml/models/rf_metadata_revenue.joblib
[2026-02-28T21:17:29.124+0000] {logging_mixin.py:190} INFO - 📊 Scores - Train: 0.7196, Test: 0.4728
[2026-02-28T21:17:29.124+0000] {logging_mixin.py:190} INFO - 🔧 Features: 201, Échantillons: 1212
[2026-02-28T21:17:29.226+0000] {logging_mixin.py:190} INFO - 
🎉 Entrainement terminé et sauvegardés avec succès pour revenue!
[2026-02-28T21:17:29.808+0000] {logging_mixin.py:190} INFO - 
==================================================
[2026-02-28T21:17:29.809+0000] {logging_mixin.py:190} INFO - 🎯 TRAITEMENT POUR LA VARIABLE CIBLE: POPULARITY
[2026-02-28T21:17:29.810+0000] {logging_mixin.py:190} INFO - ==================================================
[2026-02-28T21:17:29.810+0000] {logging_mixin.py:190} INFO - 🔍 Construction de la requête SQL...
[2026-02-28T21:17:29.811+0000] {logging_mixin.py:190} INFO - 📥 Chargement des données complètes...
[2026-02-28T21:17:29.812+0000] {logging_mixin.py:190} INFO - 🔗 Test de connexion à la base de données...
[2026-02-28T21:17:29.814+0000] {logging_mixin.py:190} INFO - ✅ Connexion PostgreSQL réussie!
[2026-02-28T21:18:12.298+0000] {logging_mixin.py:190} INFO - ✅ Données chargées avec succès. Shape: (2982232, 14)
[2026-02-28T21:18:12.299+0000] {logging_mixin.py:190} INFO - 🔧 Début du préprocessing des données...
[2026-02-28T21:18:12.918+0000] {logging_mixin.py:190} INFO - ✅ Préprocessing terminé! Shape final: X(1212, 201), y(1212,)
[2026-02-28T21:18:12.919+0000] {logging_mixin.py:190} INFO - 
==================================================
[2026-02-28T21:18:12.920+0000] {logging_mixin.py:190} INFO - 🤖 ENTRAÎNEMENT DU MODÈLE RANDOMFOREST
[2026-02-28T21:18:12.921+0000] {logging_mixin.py:190} INFO - ==================================================
[2026-02-28T21:18:12.925+0000] {logging_mixin.py:190} INFO - 
🔧 Entraînement du modèle RandomForest...
[2026-02-28T21:18:13.006+0000] {logging_mixin.py:190} INFO - RandomForest :
[2026-02-28T21:18:13.016+0000] {logging_mixin.py:190} INFO - train : 0.5199204924557045
[2026-02-28T21:18:13.022+0000] {logging_mixin.py:190} INFO - test  : 0.24912496161223208
[2026-02-28T21:18:13.023+0000] {logging_mixin.py:190} INFO - 💾 Sauvegarde du modèle RandomForest...
[2026-02-28T21:18:13.160+0000] {logging_mixin.py:190} INFO - ✅ Modèle RandomForest sauvegardé: /opt/project/src/ml/models/rf_model_popularity.joblib
[2026-02-28T21:18:13.161+0000] {logging_mixin.py:190} INFO - ✅ Métadonnées sauvegardées: /opt/project/src/ml/models/rf_metadata_popularity.joblib
[2026-02-28T21:18:13.161+0000] {logging_mixin.py:190} INFO - 📊 Scores - Train: 0.5199, Test: 0.2491
[2026-02-28T21:18:13.162+0000] {logging_mixin.py:190} INFO - 🔧 Features: 201, Échantillons: 1212
[2026-02-28T21:18:13.265+0000] {logging_mixin.py:190} INFO - 
🎉 Entrainement terminé et sauvegardés avec succès pour popularity!
[2026-02-28T21:18:13.823+0000] {logging_mixin.py:190} INFO - 
==================================================
[2026-02-28T21:18:13.824+0000] {logging_mixin.py:190} INFO - 🎯 TRAITEMENT POUR LA VARIABLE CIBLE: VOTE_AVERAGE
[2026-02-28T21:18:13.825+0000] {logging_mixin.py:190} INFO - ==================================================
[2026-02-28T21:18:13.825+0000] {logging_mixin.py:190} INFO - 🔍 Construction de la requête SQL...
[2026-02-28T21:18:13.826+0000] {logging_mixin.py:190} INFO - 📥 Chargement des données complètes...
[2026-02-28T21:18:13.827+0000] {logging_mixin.py:190} INFO - 🔗 Test de connexion à la base de données...
[2026-02-28T21:18:13.829+0000] {logging_mixin.py:190} INFO - ✅ Connexion PostgreSQL réussie!
[2026-02-28T21:18:55.843+0000] {logging_mixin.py:190} INFO - ✅ Données chargées avec succès. Shape: (2982232, 14)
[2026-02-28T21:18:55.844+0000] {logging_mixin.py:190} INFO - 🔧 Début du préprocessing des données...
[2026-02-28T21:18:56.462+0000] {logging_mixin.py:190} INFO - ✅ Préprocessing terminé! Shape final: X(1212, 201), y(1212,)
[2026-02-28T21:18:56.463+0000] {logging_mixin.py:190} INFO - 
==================================================
[2026-02-28T21:18:56.464+0000] {logging_mixin.py:190} INFO - 🤖 ENTRAÎNEMENT DU MODÈLE RANDOMFOREST
[2026-02-28T21:18:56.464+0000] {logging_mixin.py:190} INFO - ==================================================
[2026-02-28T21:18:56.468+0000] {logging_mixin.py:190} INFO - 
🔧 Entraînement du modèle RandomForest...
[2026-02-28T21:18:56.551+0000] {logging_mixin.py:190} INFO - RandomForest :
[2026-02-28T21:18:56.560+0000] {logging_mixin.py:190} INFO - train : 0.5110176629369394
[2026-02-28T21:18:56.566+0000] {logging_mixin.py:190} INFO - test  : 0.28544540455310796
[2026-02-28T21:18:56.567+0000] {logging_mixin.py:190} INFO - 💾 Sauvegarde du modèle RandomForest...
[2026-02-28T21:18:56.703+0000] {logging_mixin.py:190} INFO - ✅ Modèle RandomForest sauvegardé: /opt/project/src/ml/models/rf_model_vote_average.joblib
[2026-02-28T21:18:56.703+0000] {logging_mixin.py:190} INFO - ✅ Métadonnées sauvegardées: /opt/project/src/ml/models/rf_metadata_vote_average.joblib
[2026-02-28T21:18:56.704+0000] {logging_mixin.py:190} INFO - 📊 Scores - Train: 0.5110, Test: 0.2854
[2026-02-28T21:18:56.705+0000] {logging_mixin.py:190} INFO - 🔧 Features: 201, Échantillons: 1212
[2026-02-28T21:18:56.772+0000] {logging_mixin.py:190} INFO - 
🎉 Entrainement terminé et sauvegardés avec succès pour vote_average!
[2026-02-28T21:18:57.325+0000] {logging_mixin.py:190} INFO - 
✅ Entrainement terminé pour toutes les variables cibles.
[2026-02-28T21:18:57.326+0000] {logging_mixin.py:190} INFO - 
⏱️ Temps total d'exécution du script: 132.58 secondes
[2026-02-28T21:18:57.327+0000] {python.py:240} INFO - Done. Returned value was: None
[2026-02-28T21:18:57.335+0000] {taskinstance.py:341} INFO - ::group::Post task execution logs
[2026-02-28T21:18:57.336+0000] {taskinstance.py:353} INFO - Marking task as SUCCESS. dag_id=db_and_model_update, task_id=run_rf_model_update, run_id=manual__2026-02-28T21:14:25+00:00, execution_date=20260228T211425, start_date=20260228T211643, end_date=20260228T211857
[2026-02-28T21:18:57.495+0000] {local_task_job_runner.py:266} INFO - Task exited with return code 0
[2026-02-28T21:18:57.509+0000] {taskinstance.py:3901} INFO - 1 downstream tasks scheduled from follow-on schedule check
[2026-02-28T21:18:57.511+0000] {local_task_job_runner.py:245} INFO - ::endgroup::
