[2026-02-24T15:24:01.505+0000] {local_task_job_runner.py:123} INFO - ::group::Pre task execution logs
[2026-02-24T15:24:01.519+0000] {taskinstance.py:2614} INFO - Dependencies all met for dep_context=non-requeueable deps ti=<TaskInstance: db_and_model_update.run_rf_model_update manual__2026-02-24T15:22:04.704273+00:00 [queued]>
[2026-02-24T15:24:01.525+0000] {taskinstance.py:2614} INFO - Dependencies all met for dep_context=requeueable deps ti=<TaskInstance: db_and_model_update.run_rf_model_update manual__2026-02-24T15:22:04.704273+00:00 [queued]>
[2026-02-24T15:24:01.526+0000] {taskinstance.py:2867} INFO - Starting attempt 1 of 1
[2026-02-24T15:24:01.533+0000] {taskinstance.py:2890} INFO - Executing <Task(PythonOperator): run_rf_model_update> on 2026-02-24 15:22:04.704273+00:00
[2026-02-24T15:24:01.538+0000] {standard_task_runner.py:72} INFO - Started process 2587 to run task
[2026-02-24T15:24:01.541+0000] {standard_task_runner.py:104} INFO - Running: ['***', 'tasks', 'run', 'db_and_model_update', 'run_rf_model_update', 'manual__2026-02-24T15:22:04.704273+00:00', '--job-id', '9', '--raw', '--subdir', 'DAGS_FOLDER/db_and_model_update_dag.py', '--cfg-path', '/tmp/tmpx_6c_h0f']
[2026-02-24T15:24:01.544+0000] {standard_task_runner.py:105} INFO - Job 9: Subtask run_rf_model_update
[2026-02-24T15:24:01.589+0000] {task_command.py:467} INFO - Running <TaskInstance: db_and_model_update.run_rf_model_update manual__2026-02-24T15:22:04.704273+00:00 [running]> on host 5f1c52170570
[2026-02-24T15:24:01.652+0000] {taskinstance.py:3134} INFO - Exporting env vars: AIRFLOW_CTX_DAG_OWNER='***' AIRFLOW_CTX_DAG_ID='db_and_model_update' AIRFLOW_CTX_TASK_ID='run_rf_model_update' AIRFLOW_CTX_EXECUTION_DATE='2026-02-24T15:22:04.704273+00:00' AIRFLOW_CTX_TRY_NUMBER='1' AIRFLOW_CTX_DAG_RUN_ID='manual__2026-02-24T15:22:04.704273+00:00'
[2026-02-24T15:24:01.654+0000] {taskinstance.py:732} INFO - ::endgroup::
[2026-02-24T15:24:02.560+0000] {logging_mixin.py:190} INFO - 🔌 Connexion à la base de données...
[2026-02-24T15:24:02.597+0000] {logging_mixin.py:190} INFO - ✅ Connexion réussie!
[2026-02-24T15:24:02.598+0000] {logging_mixin.py:190} INFO - 
==================================================
[2026-02-24T15:24:02.598+0000] {logging_mixin.py:190} INFO - 🎯 TRAITEMENT POUR LA VARIABLE CIBLE: REVENUE
[2026-02-24T15:24:02.599+0000] {logging_mixin.py:190} INFO - ==================================================
[2026-02-24T15:24:02.599+0000] {logging_mixin.py:190} INFO - 🔍 Construction de la requête SQL...
[2026-02-24T15:24:02.600+0000] {logging_mixin.py:190} INFO - 📥 Chargement des données complètes...
[2026-02-24T15:24:02.600+0000] {logging_mixin.py:190} INFO - 🔗 Test de connexion à la base de données...
[2026-02-24T15:24:02.602+0000] {logging_mixin.py:190} INFO - ✅ Connexion PostgreSQL réussie!
[2026-02-24T15:24:37.158+0000] {logging_mixin.py:190} INFO - ✅ Données chargées avec succès. Shape: (2375557, 14)
[2026-02-24T15:24:37.159+0000] {logging_mixin.py:190} INFO - 🔧 Début du préprocessing des données...
[2026-02-24T15:24:37.693+0000] {logging_mixin.py:190} INFO - ✅ Préprocessing terminé! Shape final: X(984, 200), y(984,)
[2026-02-24T15:24:37.695+0000] {logging_mixin.py:190} INFO - 
==================================================
[2026-02-24T15:24:37.696+0000] {logging_mixin.py:190} INFO - 🤖 ENTRAÎNEMENT DU MODÈLE RANDOMFOREST
[2026-02-24T15:24:37.696+0000] {logging_mixin.py:190} INFO - ==================================================
[2026-02-24T15:24:37.701+0000] {logging_mixin.py:190} INFO - 
🔧 Entraînement du modèle RandomForest...
[2026-02-24T15:24:39.368+0000] {logging_mixin.py:190} INFO - RandomForest :
[2026-02-24T15:24:39.369+0000] {logging_mixin.py:190} INFO - Meilleurs paramètres RandomForest : {'n_estimators': 120, 'min_samples_split': 10, 'min_samples_leaf': 2, 'max_features': None, 'max_depth': None}
[2026-02-24T15:24:39.383+0000] {logging_mixin.py:190} INFO - train : 0.8544182052740311
[2026-02-24T15:24:39.392+0000] {logging_mixin.py:190} INFO - test  : 0.48439724238114046
[2026-02-24T15:24:39.399+0000] {logging_mixin.py:190} INFO - 
Top 50 features RandomForest :
[2026-02-24T15:24:39.404+0000] {logging_mixin.py:190} INFO -                     feature  importance_pct
0                    budget       59.662131
61        keyword_id_2343.0        7.306239
2                      year        5.065108
1                   runtime        5.001246
4                 month_cos        1.340177
3                 month_sin        1.258164
158      production_id_33.0        1.240567
48           genre_id_10751        1.231603
171     production_id_437.0        1.096682
86      keyword_id_179431.0        1.092557
93      keyword_id_246466.0        0.911203
32              genre_id_12        0.905451
69        keyword_id_9663.0        0.822058
72        keyword_id_9715.0        0.603127
147         person_id_70851        0.578811
80       keyword_id_11322.0        0.519436
135         person_id_11288        0.504931
85      keyword_id_179430.0        0.409500
82       keyword_id_18035.0        0.401002
74        keyword_id_9748.0        0.378634
168     production_id_333.0        0.344002
89      keyword_id_208289.0        0.336411
33              genre_id_14        0.335223
44             genre_id_878        0.330083
38              genre_id_35        0.294647
98      keyword_id_325765.0        0.292802
194   production_id_12292.0        0.291731
58        keyword_id_1701.0        0.290436
154      production_id_12.0        0.288176
157      production_id_25.0        0.287414
199  production_id_216687.0        0.258387
170     production_id_420.0        0.258283
35              genre_id_18        0.230313
151       production_id_5.0        0.228283
41              genre_id_53        0.224856
180     production_id_923.0        0.215804
95      keyword_id_314730.0        0.210909
64        keyword_id_3289.0        0.207423
34              genre_id_16        0.205885
73        keyword_id_9717.0        0.199305
42              genre_id_80        0.195186
173     production_id_508.0        0.190654
31                  lang_zh        0.183687
128          person_id_6040        0.166823
49           genre_id_10752        0.166301
37              genre_id_28        0.154885
65        keyword_id_4344.0        0.134837
47           genre_id_10749        0.129605
63        keyword_id_3133.0        0.105800
186    production_id_3172.0        0.098581
[2026-02-24T15:24:39.404+0000] {logging_mixin.py:190} INFO - 💾 Sauvegarde du modèle RandomForest...
[2026-02-24T15:24:39.565+0000] {logging_mixin.py:190} INFO - ✅ Modèle RandomForest sauvegardé: /opt/project/src/ml/models/rf_model_revenue.joblib
[2026-02-24T15:24:39.566+0000] {logging_mixin.py:190} INFO - ✅ Métadonnées sauvegardées: /opt/project/src/ml/models/rf_metadata_revenue.joblib
[2026-02-24T15:24:39.567+0000] {logging_mixin.py:190} INFO - 📊 Scores - Train: 0.8544, Test: 0.4844
[2026-02-24T15:24:39.567+0000] {logging_mixin.py:190} INFO - 🔧 Features: 200, Échantillons: 984
[2026-02-24T15:24:39.675+0000] {logging_mixin.py:190} INFO - 
🎉 Entrainement terminé et sauvegardés avec succès pour revenue!
[2026-02-24T15:24:40.171+0000] {logging_mixin.py:190} INFO - 
==================================================
[2026-02-24T15:24:40.172+0000] {logging_mixin.py:190} INFO - 🎯 TRAITEMENT POUR LA VARIABLE CIBLE: POPULARITY
[2026-02-24T15:24:40.173+0000] {logging_mixin.py:190} INFO - ==================================================
[2026-02-24T15:24:40.173+0000] {logging_mixin.py:190} INFO - 🔍 Construction de la requête SQL...
[2026-02-24T15:24:40.174+0000] {logging_mixin.py:190} INFO - 📥 Chargement des données complètes...
[2026-02-24T15:24:40.175+0000] {logging_mixin.py:190} INFO - 🔗 Test de connexion à la base de données...
[2026-02-24T15:24:40.177+0000] {logging_mixin.py:190} INFO - ✅ Connexion PostgreSQL réussie!
[2026-02-24T15:25:14.354+0000] {logging_mixin.py:190} INFO - ✅ Données chargées avec succès. Shape: (2375557, 14)
[2026-02-24T15:25:14.355+0000] {logging_mixin.py:190} INFO - 🔧 Début du préprocessing des données...
[2026-02-24T15:25:14.878+0000] {logging_mixin.py:190} INFO - ✅ Préprocessing terminé! Shape final: X(984, 200), y(984,)
[2026-02-24T15:25:14.879+0000] {logging_mixin.py:190} INFO - 
==================================================
[2026-02-24T15:25:14.880+0000] {logging_mixin.py:190} INFO - 🤖 ENTRAÎNEMENT DU MODÈLE RANDOMFOREST
[2026-02-24T15:25:14.881+0000] {logging_mixin.py:190} INFO - ==================================================
[2026-02-24T15:25:14.885+0000] {logging_mixin.py:190} INFO - 
🔧 Entraînement du modèle RandomForest...
[2026-02-24T15:25:16.581+0000] {logging_mixin.py:190} INFO - RandomForest :
[2026-02-24T15:25:16.582+0000] {logging_mixin.py:190} INFO - Meilleurs paramètres RandomForest : {'n_estimators': 120, 'min_samples_split': 10, 'min_samples_leaf': 2, 'max_features': None, 'max_depth': None}
[2026-02-24T15:25:16.593+0000] {logging_mixin.py:190} INFO - train : 0.7698286262191747
[2026-02-24T15:25:16.600+0000] {logging_mixin.py:190} INFO - test  : 0.22070774169285856
[2026-02-24T15:25:16.606+0000] {logging_mixin.py:190} INFO - 
Top 50 features RandomForest :
[2026-02-24T15:25:16.609+0000] {logging_mixin.py:190} INFO -                     feature  importance_pct
2                      year       33.338791
0                    budget       22.973326
3                 month_sin       12.525010
89      keyword_id_208289.0       12.028613
1                   runtime        2.895705
4                 month_cos        2.215700
154      production_id_12.0        2.162585
86      keyword_id_179431.0        0.947942
69        keyword_id_9663.0        0.749419
36              genre_id_27        0.596694
64        keyword_id_3289.0        0.592350
61        keyword_id_2343.0        0.388555
42              genre_id_80        0.343902
106           person_id_525        0.338982
80       keyword_id_11322.0        0.337067
48           genre_id_10751        0.321920
35              genre_id_18        0.307019
44             genre_id_878        0.297060
37              genre_id_28        0.295718
199  production_id_216687.0        0.293437
71        keyword_id_9714.0        0.283837
76       keyword_id_10123.0        0.276476
158      production_id_33.0        0.275156
82       keyword_id_18035.0        0.244529
79       keyword_id_10714.0        0.239230
78       keyword_id_10349.0        0.211825
75        keyword_id_9826.0        0.210355
191    production_id_9996.0        0.202588
32              genre_id_12        0.199148
180     production_id_923.0        0.176485
56         keyword_id_818.0        0.166034
171     production_id_437.0        0.164962
72        keyword_id_9715.0        0.156379
151       production_id_5.0        0.138366
73        keyword_id_9717.0        0.131628
31                  lang_zh        0.131015
41              genre_id_53        0.124273
85      keyword_id_179430.0        0.124111
196   production_id_41077.0        0.109115
52         keyword_id_242.0        0.104976
139         person_id_18999        0.099418
11                  lang_en        0.098598
77       keyword_id_10292.0        0.093535
88      keyword_id_202371.0        0.086604
38              genre_id_35        0.085200
68        keyword_id_6054.0        0.080856
34              genre_id_16        0.080743
33              genre_id_14        0.080356
96      keyword_id_320420.0        0.077678
47           genre_id_10749        0.070271
[2026-02-24T15:25:16.609+0000] {logging_mixin.py:190} INFO - 💾 Sauvegarde du modèle RandomForest...
[2026-02-24T15:25:16.773+0000] {logging_mixin.py:190} INFO - ✅ Modèle RandomForest sauvegardé: /opt/project/src/ml/models/rf_model_popularity.joblib
[2026-02-24T15:25:16.773+0000] {logging_mixin.py:190} INFO - ✅ Métadonnées sauvegardées: /opt/project/src/ml/models/rf_metadata_popularity.joblib
[2026-02-24T15:25:16.774+0000] {logging_mixin.py:190} INFO - 📊 Scores - Train: 0.7698, Test: 0.2207
[2026-02-24T15:25:16.775+0000] {logging_mixin.py:190} INFO - 🔧 Features: 200, Échantillons: 984
[2026-02-24T15:25:16.875+0000] {logging_mixin.py:190} INFO - 
🎉 Entrainement terminé et sauvegardés avec succès pour popularity!
[2026-02-24T15:25:17.382+0000] {logging_mixin.py:190} INFO - 
==================================================
[2026-02-24T15:25:17.383+0000] {logging_mixin.py:190} INFO - 🎯 TRAITEMENT POUR LA VARIABLE CIBLE: VOTE_AVERAGE
[2026-02-24T15:25:17.383+0000] {logging_mixin.py:190} INFO - ==================================================
[2026-02-24T15:25:17.384+0000] {logging_mixin.py:190} INFO - 🔍 Construction de la requête SQL...
[2026-02-24T15:25:17.385+0000] {logging_mixin.py:190} INFO - 📥 Chargement des données complètes...
[2026-02-24T15:25:17.385+0000] {logging_mixin.py:190} INFO - 🔗 Test de connexion à la base de données...
[2026-02-24T15:25:17.387+0000] {logging_mixin.py:190} INFO - ✅ Connexion PostgreSQL réussie!
[2026-02-24T15:25:51.627+0000] {logging_mixin.py:190} INFO - ✅ Données chargées avec succès. Shape: (2375557, 14)
[2026-02-24T15:25:51.629+0000] {logging_mixin.py:190} INFO - 🔧 Début du préprocessing des données...
[2026-02-24T15:25:52.192+0000] {logging_mixin.py:190} INFO - ✅ Préprocessing terminé! Shape final: X(984, 200), y(984,)
[2026-02-24T15:25:52.193+0000] {logging_mixin.py:190} INFO - 
==================================================
[2026-02-24T15:25:52.194+0000] {logging_mixin.py:190} INFO - 🤖 ENTRAÎNEMENT DU MODÈLE RANDOMFOREST
[2026-02-24T15:25:52.195+0000] {logging_mixin.py:190} INFO - ==================================================
[2026-02-24T15:25:52.199+0000] {logging_mixin.py:190} INFO - 
🔧 Entraînement du modèle RandomForest...
[2026-02-24T15:25:53.867+0000] {logging_mixin.py:190} INFO - RandomForest :
[2026-02-24T15:25:53.867+0000] {logging_mixin.py:190} INFO - Meilleurs paramètres RandomForest : {'n_estimators': 180, 'min_samples_split': 10, 'min_samples_leaf': 2, 'max_features': None, 'max_depth': 20}
[2026-02-24T15:25:53.883+0000] {logging_mixin.py:190} INFO - train : 0.7518997779225912
[2026-02-24T15:25:53.893+0000] {logging_mixin.py:190} INFO - test  : 0.22846170709515112
[2026-02-24T15:25:53.901+0000] {logging_mixin.py:190} INFO - 
Top 50 features RandomForest :
[2026-02-24T15:25:53.904+0000] {logging_mixin.py:190} INFO -                    feature  importance_pct
1                  runtime       27.142772
34             genre_id_16       10.153914
0                   budget        9.925097
2                     year        7.764680
35             genre_id_18        4.428951
4                month_cos        3.928640
3                month_sin        3.269641
61       keyword_id_2343.0        1.895005
41             genre_id_53        1.839783
151      production_id_5.0        1.481820
38             genre_id_35        0.920854
11                 lang_en        0.841781
36             genre_id_27        0.807308
37             genre_id_28        0.796766
44            genre_id_878        0.748770
48          genre_id_10751        0.729309
47          genre_id_10749        0.729087
42             genre_id_80        0.706674
73       keyword_id_9717.0        0.673455
14                 lang_fr        0.618356
185   production_id_2527.0        0.577066
172    production_id_491.0        0.572751
45           genre_id_9648        0.538370
56        keyword_id_818.0        0.527694
32             genre_id_12        0.527508
191   production_id_9996.0        0.526997
33             genre_id_14        0.505894
49          genre_id_10752        0.493333
116         person_id_2192        0.479645
86     keyword_id_179431.0        0.450673
70       keyword_id_9672.0        0.449069
90     keyword_id_209220.0        0.434826
106          person_id_525        0.430567
69       keyword_id_9663.0        0.424481
196  production_id_41077.0        0.420125
85     keyword_id_179430.0        0.405889
82      keyword_id_18035.0        0.397308
55        keyword_id_782.0        0.392443
169    production_id_342.0        0.391771
98     keyword_id_325765.0        0.356899
74       keyword_id_9748.0        0.356612
52        keyword_id_242.0        0.348616
87     keyword_id_187056.0        0.338193
71       keyword_id_9714.0        0.324057
65       keyword_id_4344.0        0.282058
75       keyword_id_9826.0        0.274585
165    production_id_174.0        0.262387
155     production_id_14.0        0.258474
141        person_id_37917        0.256696
192  production_id_10146.0        0.246790
[2026-02-24T15:25:53.904+0000] {logging_mixin.py:190} INFO - 💾 Sauvegarde du modèle RandomForest...
[2026-02-24T15:25:54.151+0000] {logging_mixin.py:190} INFO - ✅ Modèle RandomForest sauvegardé: /opt/project/src/ml/models/rf_model_vote_average.joblib
[2026-02-24T15:25:54.152+0000] {logging_mixin.py:190} INFO - ✅ Métadonnées sauvegardées: /opt/project/src/ml/models/rf_metadata_vote_average.joblib
[2026-02-24T15:25:54.153+0000] {logging_mixin.py:190} INFO - 📊 Scores - Train: 0.7519, Test: 0.2285
[2026-02-24T15:25:54.153+0000] {logging_mixin.py:190} INFO - 🔧 Features: 200, Échantillons: 984
[2026-02-24T15:25:54.299+0000] {logging_mixin.py:190} INFO - 
🎉 Entrainement terminé et sauvegardés avec succès pour vote_average!
[2026-02-24T15:25:54.829+0000] {logging_mixin.py:190} INFO - 
✅ Entrainement terminé pour toutes les variables cibles.
[2026-02-24T15:25:54.830+0000] {logging_mixin.py:190} INFO - 
⏱️ Temps total d'exécution du script: 112.27 secondes
[2026-02-24T15:25:54.831+0000] {python.py:240} INFO - Done. Returned value was: None
[2026-02-24T15:25:54.840+0000] {taskinstance.py:341} INFO - ::group::Post task execution logs
[2026-02-24T15:25:54.840+0000] {taskinstance.py:353} INFO - Marking task as SUCCESS. dag_id=db_and_model_update, task_id=run_rf_model_update, run_id=manual__2026-02-24T15:22:04.704273+00:00, execution_date=20260224T152204, start_date=20260224T152401, end_date=20260224T152554
[2026-02-24T15:25:55.009+0000] {local_task_job_runner.py:266} INFO - Task exited with return code 0
[2026-02-24T15:25:55.028+0000] {taskinstance.py:3901} INFO - 1 downstream tasks scheduled from follow-on schedule check
[2026-02-24T15:25:55.030+0000] {local_task_job_runner.py:245} INFO - ::endgroup::
